# JRE version: OpenJDK Runtime Environment Temurin-17.0.7+7 (17.0.7+7) (build 17.0.7+7)
# Java VM: OpenJDK 64-Bit Server VM Temurin-17.0.7+7 (17.0.7+7, mixed mode, emulated-client, tiered, compressed oops, compressed class ptrs, g1 gc, windows-amd64)
GC Precious Log:
 CPUs: 8 total, 8 available
 Memory: 16118M
 Large Page Support: Disabled
 NUMA Support: Disabled
 Compressed Oops: Enabled (32-bit)
 Heap Region Size: 1M
 Heap Min Capacity: 8M
 Heap Initial Capacity: 252M
 Heap Max Capacity: 1G
 Pre-touch: Disabled
 Parallel Workers: 8
 Concurrent Workers: 2
 Concurrent Refinement Workers: 8
 Periodic GC: Disabled
Heap:
 garbage-first heap   total 122880K, used 36606K [0x00000000c0000000, 0x0000000100000000)
  region size 1024K, 1 young (1024K), 0 survivors (0K)
 Metaspace       used 64161K, committed 64960K, reserved 1114112K
  class space    used 9109K, committed 9408K, reserved 1048576K
GC Heap History (20 events):
Event: 3016.915 GC heap before
{Heap before GC invocations=357 (full 282):
 garbage-first heap   total 122880K, used 36606K [0x00000000c0000000, 0x0000000100000000)
  region size 1024K, 1 young (1024K), 0 survivors (0K)
 Metaspace       used 64161K, committed 64960K, reserved 1114112K
  class space    used 9109K, committed 9408K, reserved 1048576K
}
Event: 3016.982 GC heap after
{Heap after GC invocations=358 (full 283):
 garbage-first heap   total 122880K, used 36606K [0x00000000c0000000, 0x0000000100000000)
  region size 1024K, 0 young (0K), 0 survivors (0K)
 Metaspace       used 64161K, committed 64960K, reserved 1114112K
  class space    used 9109K, committed 9408K, reserved 1048576K
}
Event: 3027.482 GC heap before
{Heap before GC invocations=358 (full 283):
 garbage-first heap   total 122880K, used 36606K [0x00000000c0000000, 0x0000000100000000)
  region size 1024K, 1 young (1024K), 0 survivors (0K)
 Metaspace       used 64161K, committed 64960K, reserved 1114112K
  class space    used 9109K, committed 9408K, reserved 1048576K
}
Event: 3027.541 GC heap after
{Heap after GC invocations=359 (full 284):
 garbage-first heap   total 122880K, used 36606K [0x00000000c0000000, 0x0000000100000000)
  region size 1024K, 0 young (0K), 0 survivors (0K)
 Metaspace       used 64161K, committed 64960K, reserved 1114112K
  class space    used 9109K, committed 9408K, reserved 1048576K
}
Event: 3038.031 GC heap before
{Heap before GC invocations=359 (full 284):
 garbage-first heap   total 122880K, used 36606K [0x00000000c0000000, 0x0000000100000000)
  region size 1024K, 1 young (1024K), 0 survivors (0K)
 Metaspace       used 64161K, committed 64960K, reserved 1114112K
  class space    used 9109K, committed 9408K, reserved 1048576K
}
Event: 3038.106 GC heap after
{Heap after GC invocations=360 (full 285):
 garbage-first heap   total 122880K, used 36606K [0x00000000c0000000, 0x0000000100000000)
  region size 1024K, 0 young (0K), 0 survivors (0K)
 Metaspace       used 64161K, committed 64960K, reserved 1114112K
  class space    used 9109K, committed 9408K, reserved 1048576K
}
Event: 3048.575 GC heap before
{Heap before GC invocations=360 (full 285):
 garbage-first heap   total 122880K, used 36606K [0x00000000c0000000, 0x0000000100000000)
  region size 1024K, 1 young (1024K), 0 survivors (0K)
 Metaspace       used 64161K, committed 64960K, reserved 1114112K
  class space    used 9109K, committed 9408K, reserved 1048576K
}
Event: 3048.646 GC heap after
{Heap after GC invocations=361 (full 286):
 garbage-first heap   total 122880K, used 36606K [0x00000000c0000000, 0x0000000100000000)
  region size 1024K, 0 young (0K), 0 survivors (0K)
 Metaspace       used 64161K, committed 64960K, reserved 1114112K
  class space    used 9109K, committed 9408K, reserved 1048576K
}
Event: 3059.145 GC heap before
{Heap before GC invocations=361 (full 286):
 garbage-first heap   total 122880K, used 36606K [0x00000000c0000000, 0x0000000100000000)
  region size 1024K, 1 young (1024K), 0 survivors (0K)
 Metaspace       used 64161K, committed 64960K, reserved 1114112K
  class space    used 9109K, committed 9408K, reserved 1048576K
}
Event: 3059.221 GC heap after
{Heap after GC invocations=362 (full 287):
 garbage-first heap   total 122880K, used 36606K [0x00000000c0000000, 0x0000000100000000)
  region size 1024K, 0 young (0K), 0 survivors (0K)
 Metaspace       used 64161K, committed 64960K, reserved 1114112K
  class space    used 9109K, committed 9408K, reserved 1048576K
}
Event: 3069.698 GC heap before
{Heap before GC invocations=362 (full 287):
 garbage-first heap   total 122880K, used 36606K [0x00000000c0000000, 0x0000000100000000)
  region size 1024K, 1 young (1024K), 0 survivors (0K)
 Metaspace       used 64161K, committed 64960K, reserved 1114112K
  class space    used 9109K, committed 9408K, reserved 1048576K
}
Event: 3069.765 GC heap after
{Heap after GC invocations=363 (full 288):
 garbage-first heap   total 122880K, used 36606K [0x00000000c0000000, 0x0000000100000000)
  region size 1024K, 0 young (0K), 0 survivors (0K)
 Metaspace       used 64161K, committed 64960K, reserved 1114112K
  class space    used 9109K, committed 9408K, reserved 1048576K
}
Event: 3080.830 GC heap before
{Heap before GC invocations=363 (full 288):
 garbage-first heap   total 122880K, used 36606K [0x00000000c0000000, 0x0000000100000000)
  region size 1024K, 1 young (1024K), 0 survivors (0K)
 Metaspace       used 64161K, committed 64960K, reserved 1114112K
  class space    used 9109K, committed 9408K, reserved 1048576K
}
Event: 3080.906 GC heap after
{Heap after GC invocations=364 (full 289):
 garbage-first heap   total 122880K, used 36606K [0x00000000c0000000, 0x0000000100000000)
  region size 1024K, 0 young (0K), 0 survivors (0K)
 Metaspace       used 64161K, committed 64960K, reserved 1114112K
  class space    used 9109K, committed 9408K, reserved 1048576K
}
Event: 3092.330 GC heap before
{Heap before GC invocations=364 (full 289):
 garbage-first heap   total 122880K, used 36606K [0x00000000c0000000, 0x0000000100000000)
  region size 1024K, 1 young (1024K), 0 survivors (0K)
 Metaspace       used 64161K, committed 64960K, reserved 1114112K
  class space    used 9109K, committed 9408K, reserved 1048576K
}
Event: 3092.402 GC heap after
{Heap after GC invocations=365 (full 290):
 garbage-first heap   total 122880K, used 36606K [0x00000000c0000000, 0x0000000100000000)
  region size 1024K, 0 young (0K), 0 survivors (0K)
 Metaspace       used 64161K, committed 64960K, reserved 1114112K
  class space    used 9109K, committed 9408K, reserved 1048576K
}
Event: 3102.942 GC heap before
{Heap before GC invocations=365 (full 290):
 garbage-first heap   total 122880K, used 36606K [0x00000000c0000000, 0x0000000100000000)
  region size 1024K, 1 young (1024K), 0 survivors (0K)
 Metaspace       used 64161K, committed 64960K, reserved 1114112K
  class space    used 9109K, committed 9408K, reserved 1048576K
}
Event: 3103.020 GC heap after
{Heap after GC invocations=366 (full 291):
 garbage-first heap   total 122880K, used 36606K [0x00000000c0000000, 0x0000000100000000)
  region size 1024K, 0 young (0K), 0 survivors (0K)
 Metaspace       used 64161K, committed 64960K, reserved 1114112K
  class space    used 9109K, committed 9408K, reserved 1048576K
}
Event: 3113.278 GC heap before
{Heap before GC invocations=366 (full 291):
 garbage-first heap   total 122880K, used 36606K [0x00000000c0000000, 0x0000000100000000)
  region size 1024K, 1 young (1024K), 0 survivors (0K)
 Metaspace       used 64161K, committed 64960K, reserved 1114112K
  class space    used 9109K, committed 9408K, reserved 1048576K
}
Event: 3113.309 GC heap after
{Heap after GC invocations=367 (full 292):
 garbage-first heap   total 122880K, used 36606K [0x00000000c0000000, 0x0000000100000000)
  region size 1024K, 0 young (0K), 0 survivors (0K)
 Metaspace       used 64161K, committed 64960K, reserved 1114112K
  class space    used 9109K, committed 9408K, reserved 1048576K
}

