# JRE version: OpenJDK Runtime Environment Temurin-17.0.7+7 (17.0.7+7) (build 17.0.7+7)
# Java VM: OpenJDK 64-Bit Server VM Temurin-17.0.7+7 (17.0.7+7, mixed mode, emulated-client, tiered, compressed oops, compressed class ptrs, g1 gc, windows-amd64)
GC Precious Log:
 CPUs: 8 total, 8 available
 Memory: 16118M
 Large Page Support: Disabled
 NUMA Support: Disabled
 Compressed Oops: Enabled (32-bit)
 Heap Region Size: 1M
 Heap Min Capacity: 8M
 Heap Initial Capacity: 252M
 Heap Max Capacity: 1G
 Pre-touch: Disabled
 Parallel Workers: 8
 Concurrent Workers: 2
 Concurrent Refinement Workers: 8
 Periodic GC: Disabled
Heap:
 garbage-first heap   total 137216K, used 39742K [0x00000000c0000000, 0x0000000100000000)
  region size 1024K, 1 young (1024K), 0 survivors (0K)
 Metaspace       used 73268K, committed 74048K, reserved 1114112K
  class space    used 9963K, committed 10304K, reserved 1048576K
GC Heap History (20 events):
Event: 4002.912 GC heap before
{Heap before GC invocations=457 (full 383):
 garbage-first heap   total 137216K, used 39742K [0x00000000c0000000, 0x0000000100000000)
  region size 1024K, 1 young (1024K), 0 survivors (0K)
 Metaspace       used 73268K, committed 74048K, reserved 1114112K
  class space    used 9963K, committed 10304K, reserved 1048576K
}
Event: 4002.938 GC heap after
{Heap after GC invocations=458 (full 384):
 garbage-first heap   total 137216K, used 39742K [0x00000000c0000000, 0x0000000100000000)
  region size 1024K, 0 young (0K), 0 survivors (0K)
 Metaspace       used 73268K, committed 74048K, reserved 1114112K
  class space    used 9963K, committed 10304K, reserved 1048576K
}
Event: 4013.186 GC heap before
{Heap before GC invocations=458 (full 384):
 garbage-first heap   total 137216K, used 39742K [0x00000000c0000000, 0x0000000100000000)
  region size 1024K, 1 young (1024K), 0 survivors (0K)
 Metaspace       used 73268K, committed 74048K, reserved 1114112K
  class space    used 9963K, committed 10304K, reserved 1048576K
}
Event: 4013.217 GC heap after
{Heap after GC invocations=459 (full 385):
 garbage-first heap   total 137216K, used 39742K [0x00000000c0000000, 0x0000000100000000)
  region size 1024K, 0 young (0K), 0 survivors (0K)
 Metaspace       used 73268K, committed 74048K, reserved 1114112K
  class space    used 9963K, committed 10304K, reserved 1048576K
}
Event: 4023.456 GC heap before
{Heap before GC invocations=459 (full 385):
 garbage-first heap   total 137216K, used 39742K [0x00000000c0000000, 0x0000000100000000)
  region size 1024K, 1 young (1024K), 0 survivors (0K)
 Metaspace       used 73268K, committed 74048K, reserved 1114112K
  class space    used 9963K, committed 10304K, reserved 1048576K
}
Event: 4023.479 GC heap after
{Heap after GC invocations=460 (full 386):
 garbage-first heap   total 137216K, used 39742K [0x00000000c0000000, 0x0000000100000000)
  region size 1024K, 0 young (0K), 0 survivors (0K)
 Metaspace       used 73268K, committed 74048K, reserved 1114112K
  class space    used 9963K, committed 10304K, reserved 1048576K
}
Event: 4033.718 GC heap before
{Heap before GC invocations=460 (full 386):
 garbage-first heap   total 137216K, used 39742K [0x00000000c0000000, 0x0000000100000000)
  region size 1024K, 1 young (1024K), 0 survivors (0K)
 Metaspace       used 73268K, committed 74048K, reserved 1114112K
  class space    used 9963K, committed 10304K, reserved 1048576K
}
Event: 4033.745 GC heap after
{Heap after GC invocations=461 (full 387):
 garbage-first heap   total 137216K, used 39742K [0x00000000c0000000, 0x0000000100000000)
  region size 1024K, 0 young (0K), 0 survivors (0K)
 Metaspace       used 73268K, committed 74048K, reserved 1114112K
  class space    used 9963K, committed 10304K, reserved 1048576K
}
Event: 4043.977 GC heap before
{Heap before GC invocations=461 (full 387):
 garbage-first heap   total 137216K, used 39742K [0x00000000c0000000, 0x0000000100000000)
  region size 1024K, 1 young (1024K), 0 survivors (0K)
 Metaspace       used 73268K, committed 74048K, reserved 1114112K
  class space    used 9963K, committed 10304K, reserved 1048576K
}
Event: 4044.003 GC heap after
{Heap after GC invocations=462 (full 388):
 garbage-first heap   total 137216K, used 39742K [0x00000000c0000000, 0x0000000100000000)
  region size 1024K, 0 young (0K), 0 survivors (0K)
 Metaspace       used 73268K, committed 74048K, reserved 1114112K
  class space    used 9963K, committed 10304K, reserved 1048576K
}
Event: 4054.236 GC heap before
{Heap before GC invocations=462 (full 388):
 garbage-first heap   total 137216K, used 39742K [0x00000000c0000000, 0x0000000100000000)
  region size 1024K, 1 young (1024K), 0 survivors (0K)
 Metaspace       used 73268K, committed 74048K, reserved 1114112K
  class space    used 9963K, committed 10304K, reserved 1048576K
}
Event: 4054.262 GC heap after
{Heap after GC invocations=463 (full 389):
 garbage-first heap   total 137216K, used 39742K [0x00000000c0000000, 0x0000000100000000)
  region size 1024K, 0 young (0K), 0 survivors (0K)
 Metaspace       used 73268K, committed 74048K, reserved 1114112K
  class space    used 9963K, committed 10304K, reserved 1048576K
}
Event: 4064.521 GC heap before
{Heap before GC invocations=463 (full 389):
 garbage-first heap   total 137216K, used 39742K [0x00000000c0000000, 0x0000000100000000)
  region size 1024K, 1 young (1024K), 0 survivors (0K)
 Metaspace       used 73268K, committed 74048K, reserved 1114112K
  class space    used 9963K, committed 10304K, reserved 1048576K
}
Event: 4064.547 GC heap after
{Heap after GC invocations=464 (full 390):
 garbage-first heap   total 137216K, used 39742K [0x00000000c0000000, 0x0000000100000000)
  region size 1024K, 0 young (0K), 0 survivors (0K)
 Metaspace       used 73268K, committed 74048K, reserved 1114112K
  class space    used 9963K, committed 10304K, reserved 1048576K
}
Event: 4074.789 GC heap before
{Heap before GC invocations=464 (full 390):
 garbage-first heap   total 137216K, used 39742K [0x00000000c0000000, 0x0000000100000000)
  region size 1024K, 1 young (1024K), 0 survivors (0K)
 Metaspace       used 73268K, committed 74048K, reserved 1114112K
  class space    used 9963K, committed 10304K, reserved 1048576K
}
Event: 4074.817 GC heap after
{Heap after GC invocations=465 (full 391):
 garbage-first heap   total 137216K, used 39742K [0x00000000c0000000, 0x0000000100000000)
  region size 1024K, 0 young (0K), 0 survivors (0K)
 Metaspace       used 73268K, committed 74048K, reserved 1114112K
  class space    used 9963K, committed 10304K, reserved 1048576K
}
Event: 4085.064 GC heap before
{Heap before GC invocations=465 (full 391):
 garbage-first heap   total 137216K, used 39742K [0x00000000c0000000, 0x0000000100000000)
  region size 1024K, 1 young (1024K), 0 survivors (0K)
 Metaspace       used 73268K, committed 74048K, reserved 1114112K
  class space    used 9963K, committed 10304K, reserved 1048576K
}
Event: 4085.093 GC heap after
{Heap after GC invocations=466 (full 392):
 garbage-first heap   total 137216K, used 39742K [0x00000000c0000000, 0x0000000100000000)
  region size 1024K, 0 young (0K), 0 survivors (0K)
 Metaspace       used 73268K, committed 74048K, reserved 1114112K
  class space    used 9963K, committed 10304K, reserved 1048576K
}
Event: 4095.326 GC heap before
{Heap before GC invocations=466 (full 392):
 garbage-first heap   total 137216K, used 39742K [0x00000000c0000000, 0x0000000100000000)
  region size 1024K, 1 young (1024K), 0 survivors (0K)
 Metaspace       used 73268K, committed 74048K, reserved 1114112K
  class space    used 9963K, committed 10304K, reserved 1048576K
}
Event: 4095.352 GC heap after
{Heap after GC invocations=467 (full 393):
 garbage-first heap   total 137216K, used 39742K [0x00000000c0000000, 0x0000000100000000)
  region size 1024K, 0 young (0K), 0 survivors (0K)
 Metaspace       used 73268K, committed 74048K, reserved 1114112K
  class space    used 9963K, committed 10304K, reserved 1048576K
}

