# JRE version: OpenJDK Runtime Environment Temurin-17.0.7+7 (17.0.7+7) (build 17.0.7+7)
# Java VM: OpenJDK 64-Bit Server VM Temurin-17.0.7+7 (17.0.7+7, mixed mode, emulated-client, tiered, compressed oops, compressed class ptrs, g1 gc, windows-amd64)
GC Precious Log:
 CPUs: 8 total, 8 available
 Memory: 16118M
 Large Page Support: Disabled
 NUMA Support: Disabled
 Compressed Oops: Enabled (32-bit)
 Heap Region Size: 1M
 Heap Min Capacity: 8M
 Heap Initial Capacity: 252M
 Heap Max Capacity: 1G
 Pre-touch: Disabled
 Parallel Workers: 8
 Concurrent Workers: 2
 Concurrent Refinement Workers: 8
 Periodic GC: Disabled
Heap:
 garbage-first heap   total 137216K, used 40100K [0x00000000c0000000, 0x0000000100000000)
  region size 1024K, 1 young (1024K), 0 survivors (0K)
 Metaspace       used 74917K, committed 75968K, reserved 1179648K
  class space    used 10209K, committed 10624K, reserved 1048576K
GC Heap History (20 events):
Event: 18590.430 GC heap before
{Heap before GC invocations=1528 (full 1448):
 garbage-first heap   total 137216K, used 40100K [0x00000000c0000000, 0x0000000100000000)
  region size 1024K, 1 young (1024K), 0 survivors (0K)
 Metaspace       used 74917K, committed 75968K, reserved 1179648K
  class space    used 10209K, committed 10624K, reserved 1048576K
}
Event: 18590.514 GC heap after
{Heap after GC invocations=1529 (full 1449):
 garbage-first heap   total 137216K, used 40100K [0x00000000c0000000, 0x0000000100000000)
  region size 1024K, 0 young (0K), 0 survivors (0K)
 Metaspace       used 74917K, committed 75968K, reserved 1179648K
  class space    used 10209K, committed 10624K, reserved 1048576K
}
Event: 18600.921 GC heap before
{Heap before GC invocations=1529 (full 1449):
 garbage-first heap   total 137216K, used 40100K [0x00000000c0000000, 0x0000000100000000)
  region size 1024K, 1 young (1024K), 0 survivors (0K)
 Metaspace       used 74917K, committed 75968K, reserved 1179648K
  class space    used 10209K, committed 10624K, reserved 1048576K
}
Event: 18600.988 GC heap after
{Heap after GC invocations=1530 (full 1450):
 garbage-first heap   total 137216K, used 40100K [0x00000000c0000000, 0x0000000100000000)
  region size 1024K, 0 young (0K), 0 survivors (0K)
 Metaspace       used 74917K, committed 75968K, reserved 1179648K
  class space    used 10209K, committed 10624K, reserved 1048576K
}
Event: 18611.453 GC heap before
{Heap before GC invocations=1530 (full 1450):
 garbage-first heap   total 137216K, used 40100K [0x00000000c0000000, 0x0000000100000000)
  region size 1024K, 1 young (1024K), 0 survivors (0K)
 Metaspace       used 74917K, committed 75968K, reserved 1179648K
  class space    used 10209K, committed 10624K, reserved 1048576K
}
Event: 18611.520 GC heap after
{Heap after GC invocations=1531 (full 1451):
 garbage-first heap   total 137216K, used 40100K [0x00000000c0000000, 0x0000000100000000)
  region size 1024K, 0 young (0K), 0 survivors (0K)
 Metaspace       used 74917K, committed 75968K, reserved 1179648K
  class space    used 10209K, committed 10624K, reserved 1048576K
}
Event: 18621.991 GC heap before
{Heap before GC invocations=1531 (full 1451):
 garbage-first heap   total 137216K, used 40100K [0x00000000c0000000, 0x0000000100000000)
  region size 1024K, 1 young (1024K), 0 survivors (0K)
 Metaspace       used 74917K, committed 75968K, reserved 1179648K
  class space    used 10209K, committed 10624K, reserved 1048576K
}
Event: 18622.052 GC heap after
{Heap after GC invocations=1532 (full 1452):
 garbage-first heap   total 137216K, used 40100K [0x00000000c0000000, 0x0000000100000000)
  region size 1024K, 0 young (0K), 0 survivors (0K)
 Metaspace       used 74917K, committed 75968K, reserved 1179648K
  class space    used 10209K, committed 10624K, reserved 1048576K
}
Event: 18632.492 GC heap before
{Heap before GC invocations=1532 (full 1452):
 garbage-first heap   total 137216K, used 40100K [0x00000000c0000000, 0x0000000100000000)
  region size 1024K, 1 young (1024K), 0 survivors (0K)
 Metaspace       used 74917K, committed 75968K, reserved 1179648K
  class space    used 10209K, committed 10624K, reserved 1048576K
}
Event: 18632.555 GC heap after
{Heap after GC invocations=1533 (full 1453):
 garbage-first heap   total 137216K, used 40100K [0x00000000c0000000, 0x0000000100000000)
  region size 1024K, 0 young (0K), 0 survivors (0K)
 Metaspace       used 74917K, committed 75968K, reserved 1179648K
  class space    used 10209K, committed 10624K, reserved 1048576K
}
Event: 18643.037 GC heap before
{Heap before GC invocations=1533 (full 1453):
 garbage-first heap   total 137216K, used 40100K [0x00000000c0000000, 0x0000000100000000)
  region size 1024K, 1 young (1024K), 0 survivors (0K)
 Metaspace       used 74917K, committed 75968K, reserved 1179648K
  class space    used 10209K, committed 10624K, reserved 1048576K
}
Event: 18643.102 GC heap after
{Heap after GC invocations=1534 (full 1454):
 garbage-first heap   total 137216K, used 40100K [0x00000000c0000000, 0x0000000100000000)
  region size 1024K, 0 young (0K), 0 survivors (0K)
 Metaspace       used 74917K, committed 75968K, reserved 1179648K
  class space    used 10209K, committed 10624K, reserved 1048576K
}
Event: 18653.580 GC heap before
{Heap before GC invocations=1534 (full 1454):
 garbage-first heap   total 137216K, used 40100K [0x00000000c0000000, 0x0000000100000000)
  region size 1024K, 1 young (1024K), 0 survivors (0K)
 Metaspace       used 74917K, committed 75968K, reserved 1179648K
  class space    used 10209K, committed 10624K, reserved 1048576K
}
Event: 18653.631 GC heap after
{Heap after GC invocations=1535 (full 1455):
 garbage-first heap   total 137216K, used 40100K [0x00000000c0000000, 0x0000000100000000)
  region size 1024K, 0 young (0K), 0 survivors (0K)
 Metaspace       used 74917K, committed 75968K, reserved 1179648K
  class space    used 10209K, committed 10624K, reserved 1048576K
}
Event: 18663.938 GC heap before
{Heap before GC invocations=1535 (full 1455):
 garbage-first heap   total 137216K, used 40100K [0x00000000c0000000, 0x0000000100000000)
  region size 1024K, 1 young (1024K), 0 survivors (0K)
 Metaspace       used 74917K, committed 75968K, reserved 1179648K
  class space    used 10209K, committed 10624K, reserved 1048576K
}
Event: 18663.978 GC heap after
{Heap after GC invocations=1536 (full 1456):
 garbage-first heap   total 137216K, used 40100K [0x00000000c0000000, 0x0000000100000000)
  region size 1024K, 0 young (0K), 0 survivors (0K)
 Metaspace       used 74917K, committed 75968K, reserved 1179648K
  class space    used 10209K, committed 10624K, reserved 1048576K
}
Event: 18674.379 GC heap before
{Heap before GC invocations=1536 (full 1456):
 garbage-first heap   total 137216K, used 40100K [0x00000000c0000000, 0x0000000100000000)
  region size 1024K, 1 young (1024K), 0 survivors (0K)
 Metaspace       used 74917K, committed 75968K, reserved 1179648K
  class space    used 10209K, committed 10624K, reserved 1048576K
}
Event: 18674.441 GC heap after
{Heap after GC invocations=1537 (full 1457):
 garbage-first heap   total 137216K, used 40100K [0x00000000c0000000, 0x0000000100000000)
  region size 1024K, 0 young (0K), 0 survivors (0K)
 Metaspace       used 74917K, committed 75968K, reserved 1179648K
  class space    used 10209K, committed 10624K, reserved 1048576K
}
Event: 18685.101 GC heap before
{Heap before GC invocations=1537 (full 1457):
 garbage-first heap   total 137216K, used 40100K [0x00000000c0000000, 0x0000000100000000)
  region size 1024K, 1 young (1024K), 0 survivors (0K)
 Metaspace       used 74917K, committed 75968K, reserved 1179648K
  class space    used 10209K, committed 10624K, reserved 1048576K
}
Event: 18685.178 GC heap after
{Heap after GC invocations=1538 (full 1458):
 garbage-first heap   total 137216K, used 40100K [0x00000000c0000000, 0x0000000100000000)
  region size 1024K, 0 young (0K), 0 survivors (0K)
 Metaspace       used 74917K, committed 75968K, reserved 1179648K
  class space    used 10209K, committed 10624K, reserved 1048576K
}

