# JRE version: OpenJDK Runtime Environment Temurin-17.0.7+7 (17.0.7+7) (build 17.0.7+7)
# Java VM: OpenJDK 64-Bit Server VM Temurin-17.0.7+7 (17.0.7+7, mixed mode, emulated-client, tiered, compressed oops, compressed class ptrs, g1 gc, windows-amd64)
GC Precious Log:
 CPUs: 8 total, 8 available
 Memory: 16118M
 Large Page Support: Disabled
 NUMA Support: Disabled
 Compressed Oops: Enabled (32-bit)
 Heap Region Size: 1M
 Heap Min Capacity: 8M
 Heap Initial Capacity: 252M
 Heap Max Capacity: 1G
 Pre-touch: Disabled
 Parallel Workers: 8
 Concurrent Workers: 2
 Concurrent Refinement Workers: 8
 Periodic GC: Disabled
Heap:
 garbage-first heap   total 126976K, used 37056K [0x00000000c0000000, 0x0000000100000000)
  region size 1024K, 1 young (1024K), 0 survivors (0K)
 Metaspace       used 65808K, committed 66752K, reserved 1114112K
  class space    used 9349K, committed 9664K, reserved 1048576K
GC Heap History (20 events):
Event: 6185.684 GC heap before
{Heap before GC invocations=638 (full 572):
 garbage-first heap   total 126976K, used 37056K [0x00000000c0000000, 0x0000000100000000)
  region size 1024K, 1 young (1024K), 0 survivors (0K)
 Metaspace       used 65808K, committed 66752K, reserved 1114112K
  class space    used 9349K, committed 9664K, reserved 1048576K
}
Event: 6185.767 GC heap after
{Heap after GC invocations=639 (full 573):
 garbage-first heap   total 126976K, used 37056K [0x00000000c0000000, 0x0000000100000000)
  region size 1024K, 0 young (0K), 0 survivors (0K)
 Metaspace       used 65808K, committed 66752K, reserved 1114112K
  class space    used 9349K, committed 9664K, reserved 1048576K
}
Event: 6196.452 GC heap before
{Heap before GC invocations=639 (full 573):
 garbage-first heap   total 126976K, used 37056K [0x00000000c0000000, 0x0000000100000000)
  region size 1024K, 1 young (1024K), 0 survivors (0K)
 Metaspace       used 65808K, committed 66752K, reserved 1114112K
  class space    used 9349K, committed 9664K, reserved 1048576K
}
Event: 6196.527 GC heap after
{Heap after GC invocations=640 (full 574):
 garbage-first heap   total 126976K, used 37056K [0x00000000c0000000, 0x0000000100000000)
  region size 1024K, 0 young (0K), 0 survivors (0K)
 Metaspace       used 65808K, committed 66752K, reserved 1114112K
  class space    used 9349K, committed 9664K, reserved 1048576K
}
Event: 6207.099 GC heap before
{Heap before GC invocations=640 (full 574):
 garbage-first heap   total 126976K, used 37056K [0x00000000c0000000, 0x0000000100000000)
  region size 1024K, 1 young (1024K), 0 survivors (0K)
 Metaspace       used 65808K, committed 66752K, reserved 1114112K
  class space    used 9349K, committed 9664K, reserved 1048576K
}
Event: 6207.170 GC heap after
{Heap after GC invocations=641 (full 575):
 garbage-first heap   total 126976K, used 37056K [0x00000000c0000000, 0x0000000100000000)
  region size 1024K, 0 young (0K), 0 survivors (0K)
 Metaspace       used 65808K, committed 66752K, reserved 1114112K
  class space    used 9349K, committed 9664K, reserved 1048576K
}
Event: 6217.683 GC heap before
{Heap before GC invocations=641 (full 575):
 garbage-first heap   total 126976K, used 37056K [0x00000000c0000000, 0x0000000100000000)
  region size 1024K, 1 young (1024K), 0 survivors (0K)
 Metaspace       used 65808K, committed 66752K, reserved 1114112K
  class space    used 9349K, committed 9664K, reserved 1048576K
}
Event: 6217.748 GC heap after
{Heap after GC invocations=642 (full 576):
 garbage-first heap   total 126976K, used 37056K [0x00000000c0000000, 0x0000000100000000)
  region size 1024K, 0 young (0K), 0 survivors (0K)
 Metaspace       used 65808K, committed 66752K, reserved 1114112K
  class space    used 9349K, committed 9664K, reserved 1048576K
}
Event: 6228.625 GC heap before
{Heap before GC invocations=642 (full 576):
 garbage-first heap   total 126976K, used 37056K [0x00000000c0000000, 0x0000000100000000)
  region size 1024K, 1 young (1024K), 0 survivors (0K)
 Metaspace       used 65808K, committed 66752K, reserved 1114112K
  class space    used 9349K, committed 9664K, reserved 1048576K
}
Event: 6228.693 GC heap after
{Heap after GC invocations=643 (full 577):
 garbage-first heap   total 126976K, used 37056K [0x00000000c0000000, 0x0000000100000000)
  region size 1024K, 0 young (0K), 0 survivors (0K)
 Metaspace       used 65808K, committed 66752K, reserved 1114112K
  class space    used 9349K, committed 9664K, reserved 1048576K
}
Event: 6239.200 GC heap before
{Heap before GC invocations=643 (full 577):
 garbage-first heap   total 126976K, used 37056K [0x00000000c0000000, 0x0000000100000000)
  region size 1024K, 1 young (1024K), 0 survivors (0K)
 Metaspace       used 65808K, committed 66752K, reserved 1114112K
  class space    used 9349K, committed 9664K, reserved 1048576K
}
Event: 6239.281 GC heap after
{Heap after GC invocations=644 (full 578):
 garbage-first heap   total 126976K, used 37056K [0x00000000c0000000, 0x0000000100000000)
  region size 1024K, 0 young (0K), 0 survivors (0K)
 Metaspace       used 65808K, committed 66752K, reserved 1114112K
  class space    used 9349K, committed 9664K, reserved 1048576K
}
Event: 6249.949 GC heap before
{Heap before GC invocations=644 (full 578):
 garbage-first heap   total 126976K, used 37056K [0x00000000c0000000, 0x0000000100000000)
  region size 1024K, 1 young (1024K), 0 survivors (0K)
 Metaspace       used 65808K, committed 66752K, reserved 1114112K
  class space    used 9349K, committed 9664K, reserved 1048576K
}
Event: 6250.022 GC heap after
{Heap after GC invocations=645 (full 579):
 garbage-first heap   total 126976K, used 37056K [0x00000000c0000000, 0x0000000100000000)
  region size 1024K, 0 young (0K), 0 survivors (0K)
 Metaspace       used 65808K, committed 66752K, reserved 1114112K
  class space    used 9349K, committed 9664K, reserved 1048576K
}
Event: 6260.587 GC heap before
{Heap before GC invocations=645 (full 579):
 garbage-first heap   total 126976K, used 37056K [0x00000000c0000000, 0x0000000100000000)
  region size 1024K, 1 young (1024K), 0 survivors (0K)
 Metaspace       used 65808K, committed 66752K, reserved 1114112K
  class space    used 9349K, committed 9664K, reserved 1048576K
}
Event: 6260.660 GC heap after
{Heap after GC invocations=646 (full 580):
 garbage-first heap   total 126976K, used 37056K [0x00000000c0000000, 0x0000000100000000)
  region size 1024K, 0 young (0K), 0 survivors (0K)
 Metaspace       used 65808K, committed 66752K, reserved 1114112K
  class space    used 9349K, committed 9664K, reserved 1048576K
}
Event: 6271.217 GC heap before
{Heap before GC invocations=646 (full 580):
 garbage-first heap   total 126976K, used 37056K [0x00000000c0000000, 0x0000000100000000)
  region size 1024K, 1 young (1024K), 0 survivors (0K)
 Metaspace       used 65808K, committed 66752K, reserved 1114112K
  class space    used 9349K, committed 9664K, reserved 1048576K
}
Event: 6271.287 GC heap after
{Heap after GC invocations=647 (full 581):
 garbage-first heap   total 126976K, used 37056K [0x00000000c0000000, 0x0000000100000000)
  region size 1024K, 0 young (0K), 0 survivors (0K)
 Metaspace       used 65808K, committed 66752K, reserved 1114112K
  class space    used 9349K, committed 9664K, reserved 1048576K
}
Event: 6283.294 GC heap before
{Heap before GC invocations=647 (full 581):
 garbage-first heap   total 126976K, used 37056K [0x00000000c0000000, 0x0000000100000000)
  region size 1024K, 1 young (1024K), 0 survivors (0K)
 Metaspace       used 65808K, committed 66752K, reserved 1114112K
  class space    used 9349K, committed 9664K, reserved 1048576K
}
Event: 6283.369 GC heap after
{Heap after GC invocations=648 (full 582):
 garbage-first heap   total 126976K, used 37056K [0x00000000c0000000, 0x0000000100000000)
  region size 1024K, 0 young (0K), 0 survivors (0K)
 Metaspace       used 65808K, committed 66752K, reserved 1114112K
  class space    used 9349K, committed 9664K, reserved 1048576K
}

