# JRE version: OpenJDK Runtime Environment Temurin-17.0.7+7 (17.0.7+7) (build 17.0.7+7)
# Java VM: OpenJDK 64-Bit Server VM Temurin-17.0.7+7 (17.0.7+7, mixed mode, emulated-client, tiered, compressed oops, compressed class ptrs, g1 gc, windows-amd64)
GC Precious Log:
 CPUs: 8 total, 8 available
 Memory: 16118M
 Large Page Support: Disabled
 NUMA Support: Disabled
 Compressed Oops: Enabled (32-bit)
 Heap Region Size: 1M
 Heap Min Capacity: 8M
 Heap Initial Capacity: 252M
 Heap Max Capacity: 1G
 Pre-touch: Disabled
 Parallel Workers: 8
 Concurrent Workers: 2
 Concurrent Refinement Workers: 8
 Periodic GC: Disabled
Heap:
 garbage-first heap   total 65536K, used 18069K [0x00000000c0000000, 0x0000000100000000)
  region size 1024K, 1 young (1024K), 0 survivors (0K)
 Metaspace       used 37067K, committed 37568K, reserved 1114112K
  class space    used 4796K, committed 4992K, reserved 1048576K
GC Heap History (20 events):
Event: 4933.755 GC heap before
{Heap before GC invocations=484 (full 475):
 garbage-first heap   total 65536K, used 18069K [0x00000000c0000000, 0x0000000100000000)
  region size 1024K, 1 young (1024K), 0 survivors (0K)
 Metaspace       used 37067K, committed 37568K, reserved 1114112K
  class space    used 4796K, committed 4992K, reserved 1048576K
}
Event: 4933.776 GC heap after
{Heap after GC invocations=485 (full 476):
 garbage-first heap   total 65536K, used 18069K [0x00000000c0000000, 0x0000000100000000)
  region size 1024K, 0 young (0K), 0 survivors (0K)
 Metaspace       used 37067K, committed 37568K, reserved 1114112K
  class space    used 4796K, committed 4992K, reserved 1048576K
}
Event: 4944.120 GC heap before
{Heap before GC invocations=485 (full 476):
 garbage-first heap   total 65536K, used 18069K [0x00000000c0000000, 0x0000000100000000)
  region size 1024K, 1 young (1024K), 0 survivors (0K)
 Metaspace       used 37067K, committed 37568K, reserved 1114112K
  class space    used 4796K, committed 4992K, reserved 1048576K
}
Event: 4944.139 GC heap after
{Heap after GC invocations=486 (full 477):
 garbage-first heap   total 65536K, used 18069K [0x00000000c0000000, 0x0000000100000000)
  region size 1024K, 0 young (0K), 0 survivors (0K)
 Metaspace       used 37067K, committed 37568K, reserved 1114112K
  class space    used 4796K, committed 4992K, reserved 1048576K
}
Event: 4954.421 GC heap before
{Heap before GC invocations=486 (full 477):
 garbage-first heap   total 65536K, used 18069K [0x00000000c0000000, 0x0000000100000000)
  region size 1024K, 1 young (1024K), 0 survivors (0K)
 Metaspace       used 37067K, committed 37568K, reserved 1114112K
  class space    used 4796K, committed 4992K, reserved 1048576K
}
Event: 4954.437 GC heap after
{Heap after GC invocations=487 (full 478):
 garbage-first heap   total 65536K, used 18069K [0x00000000c0000000, 0x0000000100000000)
  region size 1024K, 0 young (0K), 0 survivors (0K)
 Metaspace       used 37067K, committed 37568K, reserved 1114112K
  class space    used 4796K, committed 4992K, reserved 1048576K
}
Event: 4964.717 GC heap before
{Heap before GC invocations=487 (full 478):
 garbage-first heap   total 65536K, used 18069K [0x00000000c0000000, 0x0000000100000000)
  region size 1024K, 1 young (1024K), 0 survivors (0K)
 Metaspace       used 37067K, committed 37568K, reserved 1114112K
  class space    used 4796K, committed 4992K, reserved 1048576K
}
Event: 4964.733 GC heap after
{Heap after GC invocations=488 (full 479):
 garbage-first heap   total 65536K, used 18069K [0x00000000c0000000, 0x0000000100000000)
  region size 1024K, 0 young (0K), 0 survivors (0K)
 Metaspace       used 37067K, committed 37568K, reserved 1114112K
  class space    used 4796K, committed 4992K, reserved 1048576K
}
Event: 4975.017 GC heap before
{Heap before GC invocations=488 (full 479):
 garbage-first heap   total 65536K, used 18069K [0x00000000c0000000, 0x0000000100000000)
  region size 1024K, 1 young (1024K), 0 survivors (0K)
 Metaspace       used 37067K, committed 37568K, reserved 1114112K
  class space    used 4796K, committed 4992K, reserved 1048576K
}
Event: 4975.032 GC heap after
{Heap after GC invocations=489 (full 480):
 garbage-first heap   total 65536K, used 18069K [0x00000000c0000000, 0x0000000100000000)
  region size 1024K, 0 young (0K), 0 survivors (0K)
 Metaspace       used 37067K, committed 37568K, reserved 1114112K
  class space    used 4796K, committed 4992K, reserved 1048576K
}
Event: 4985.327 GC heap before
{Heap before GC invocations=489 (full 480):
 garbage-first heap   total 65536K, used 18069K [0x00000000c0000000, 0x0000000100000000)
  region size 1024K, 1 young (1024K), 0 survivors (0K)
 Metaspace       used 37067K, committed 37568K, reserved 1114112K
  class space    used 4796K, committed 4992K, reserved 1048576K
}
Event: 4985.342 GC heap after
{Heap after GC invocations=490 (full 481):
 garbage-first heap   total 65536K, used 18069K [0x00000000c0000000, 0x0000000100000000)
  region size 1024K, 0 young (0K), 0 survivors (0K)
 Metaspace       used 37067K, committed 37568K, reserved 1114112K
  class space    used 4796K, committed 4992K, reserved 1048576K
}
Event: 4995.630 GC heap before
{Heap before GC invocations=490 (full 481):
 garbage-first heap   total 65536K, used 18069K [0x00000000c0000000, 0x0000000100000000)
  region size 1024K, 1 young (1024K), 0 survivors (0K)
 Metaspace       used 37067K, committed 37568K, reserved 1114112K
  class space    used 4796K, committed 4992K, reserved 1048576K
}
Event: 4995.649 GC heap after
{Heap after GC invocations=491 (full 482):
 garbage-first heap   total 65536K, used 18069K [0x00000000c0000000, 0x0000000100000000)
  region size 1024K, 0 young (0K), 0 survivors (0K)
 Metaspace       used 37067K, committed 37568K, reserved 1114112K
  class space    used 4796K, committed 4992K, reserved 1048576K
}
Event: 5006.001 GC heap before
{Heap before GC invocations=491 (full 482):
 garbage-first heap   total 65536K, used 18069K [0x00000000c0000000, 0x0000000100000000)
  region size 1024K, 1 young (1024K), 0 survivors (0K)
 Metaspace       used 37067K, committed 37568K, reserved 1114112K
  class space    used 4796K, committed 4992K, reserved 1048576K
}
Event: 5006.018 GC heap after
{Heap after GC invocations=492 (full 483):
 garbage-first heap   total 65536K, used 18069K [0x00000000c0000000, 0x0000000100000000)
  region size 1024K, 0 young (0K), 0 survivors (0K)
 Metaspace       used 37067K, committed 37568K, reserved 1114112K
  class space    used 4796K, committed 4992K, reserved 1048576K
}
Event: 5016.313 GC heap before
{Heap before GC invocations=492 (full 483):
 garbage-first heap   total 65536K, used 18069K [0x00000000c0000000, 0x0000000100000000)
  region size 1024K, 1 young (1024K), 0 survivors (0K)
 Metaspace       used 37067K, committed 37568K, reserved 1114112K
  class space    used 4796K, committed 4992K, reserved 1048576K
}
Event: 5016.328 GC heap after
{Heap after GC invocations=493 (full 484):
 garbage-first heap   total 65536K, used 18069K [0x00000000c0000000, 0x0000000100000000)
  region size 1024K, 0 young (0K), 0 survivors (0K)
 Metaspace       used 37067K, committed 37568K, reserved 1114112K
  class space    used 4796K, committed 4992K, reserved 1048576K
}
Event: 5026.699 GC heap before
{Heap before GC invocations=493 (full 484):
 garbage-first heap   total 65536K, used 18069K [0x00000000c0000000, 0x0000000100000000)
  region size 1024K, 1 young (1024K), 0 survivors (0K)
 Metaspace       used 37067K, committed 37568K, reserved 1114112K
  class space    used 4796K, committed 4992K, reserved 1048576K
}
Event: 5026.722 GC heap after
{Heap after GC invocations=494 (full 485):
 garbage-first heap   total 65536K, used 18069K [0x00000000c0000000, 0x0000000100000000)
  region size 1024K, 0 young (0K), 0 survivors (0K)
 Metaspace       used 37067K, committed 37568K, reserved 1114112K
  class space    used 4796K, committed 4992K, reserved 1048576K
}

