# JRE version: OpenJDK Runtime Environment (18.0.2.1+1) (build 18.0.2.1+1-1)
# Java VM: OpenJDK 64-Bit Server VM (18.0.2.1+1-1, mixed mode, sharing, tiered, compressed oops, compressed class ptrs, g1 gc, windows-amd64)
GC Precious Log:
 CardTable entry size: 512
 Card Set container configuration: InlinePtr #cards 4 size 8 Array Of Cards #cards 16 size 48 Howl #buckets 8 coarsen threshold 3686 Howl Bitmap #cards 512 size 80 coarsen threshold 460 Card regions per heap region 1 cards per card region 4096
 CPUs: 8 total, 8 available
 Memory: 16118M
 Large Page Support: Disabled
 NUMA Support: Disabled
 Compressed Oops: Enabled (Zero based)
 Heap Region Size: 2M
 Heap Min Capacity: 8M
 Heap Initial Capacity: 252M
 Heap Max Capacity: 4030M
 Pre-touch: Disabled
 Parallel Workers: 8
 Concurrent Workers: 2
 Concurrent Refinement Workers: 8
 Periodic GC: Disabled
Heap:
 garbage-first heap   total 81920K, used 46179K [0x0000000704200000, 0x0000000800000000)
  region size 2048K, 11 young (22528K), 3 survivors (6144K)
 Metaspace       used 65302K, committed 66048K, reserved 1114112K
  class space    used 8755K, committed 9088K, reserved 1048576K
GC Heap History (20 events):
Event: 2.518 GC heap before
{Heap before GC invocations=3 (full 0):
 garbage-first heap   total 258048K, used 15474K [0x0000000704200000, 0x0000000800000000)
  region size 2048K, 5 young (10240K), 3 survivors (6144K)
 Metaspace       used 21154K, committed 21504K, reserved 1114112K
  class space    used 2497K, committed 2688K, reserved 1048576K
}
Event: 2.523 GC heap after
{Heap after GC invocations=4 (full 0):
 garbage-first heap   total 258048K, used 13855K [0x0000000704200000, 0x0000000800000000)
  region size 2048K, 4 young (8192K), 4 survivors (8192K)
 Metaspace       used 21154K, committed 21504K, reserved 1114112K
  class space    used 2497K, committed 2688K, reserved 1048576K
}
Event: 3.451 GC heap before
{Heap before GC invocations=5 (full 0):
 garbage-first heap   total 61440K, used 42527K [0x0000000704200000, 0x0000000800000000)
  region size 2048K, 18 young (36864K), 4 survivors (8192K)
 Metaspace       used 24476K, committed 24832K, reserved 1114112K
  class space    used 2990K, committed 3136K, reserved 1048576K
}
Event: 3.461 GC heap after
{Heap after GC invocations=6 (full 0):
 garbage-first heap   total 61440K, used 15201K [0x0000000704200000, 0x0000000800000000)
  region size 2048K, 2 young (4096K), 2 survivors (4096K)
 Metaspace       used 24476K, committed 24832K, reserved 1114112K
  class space    used 2990K, committed 3136K, reserved 1048576K
}
Event: 3.532 GC heap before
{Heap before GC invocations=6 (full 0):
 garbage-first heap   total 61440K, used 17249K [0x0000000704200000, 0x0000000800000000)
  region size 2048K, 3 young (6144K), 2 survivors (4096K)
 Metaspace       used 24791K, committed 25152K, reserved 1114112K
  class space    used 3033K, committed 3200K, reserved 1048576K
}
Event: 3.538 GC heap after
{Heap after GC invocations=7 (full 0):
 garbage-first heap   total 61440K, used 15664K [0x0000000704200000, 0x0000000800000000)
  region size 2048K, 1 young (2048K), 1 survivors (2048K)
 Metaspace       used 24791K, committed 25152K, reserved 1114112K
  class space    used 3033K, committed 3200K, reserved 1048576K
}
Event: 4.360 GC heap before
{Heap before GC invocations=7 (full 0):
 garbage-first heap   total 61440K, used 40240K [0x0000000704200000, 0x0000000800000000)
  region size 2048K, 13 young (26624K), 1 survivors (2048K)
 Metaspace       used 29279K, committed 29760K, reserved 1114112K
  class space    used 3669K, committed 3904K, reserved 1048576K
}
Event: 4.370 GC heap after
{Heap after GC invocations=8 (full 0):
 garbage-first heap   total 159744K, used 18162K [0x0000000704200000, 0x0000000800000000)
  region size 2048K, 2 young (4096K), 2 survivors (4096K)
 Metaspace       used 29279K, committed 29760K, reserved 1114112K
  class space    used 3669K, committed 3904K, reserved 1048576K
}
Event: 5.119 GC heap before
{Heap before GC invocations=8 (full 0):
 garbage-first heap   total 159744K, used 42738K [0x0000000704200000, 0x0000000800000000)
  region size 2048K, 16 young (32768K), 2 survivors (4096K)
 Metaspace       used 35420K, committed 35968K, reserved 1114112K
  class space    used 4385K, committed 4672K, reserved 1048576K
}
Event: 5.130 GC heap after
{Heap after GC invocations=9 (full 0):
 garbage-first heap   total 159744K, used 20452K [0x0000000704200000, 0x0000000800000000)
  region size 2048K, 3 young (6144K), 3 survivors (6144K)
 Metaspace       used 35420K, committed 35968K, reserved 1114112K
  class space    used 4385K, committed 4672K, reserved 1048576K
}
Event: 6.490 GC heap before
{Heap before GC invocations=10 (full 0):
 garbage-first heap   total 81920K, used 65508K [0x0000000704200000, 0x0000000800000000)
  region size 2048K, 24 young (49152K), 3 survivors (6144K)
 Metaspace       used 45079K, committed 45632K, reserved 1114112K
  class space    used 5815K, committed 6080K, reserved 1048576K
}
Event: 6.497 GC heap after
{Heap after GC invocations=11 (full 0):
 garbage-first heap   total 81920K, used 25125K [0x0000000704200000, 0x0000000800000000)
  region size 2048K, 3 young (6144K), 3 survivors (6144K)
 Metaspace       used 45079K, committed 45632K, reserved 1114112K
  class space    used 5815K, committed 6080K, reserved 1048576K
}
Event: 6.546 GC heap before
{Heap before GC invocations=11 (full 0):
 garbage-first heap   total 81920K, used 27173K [0x0000000704200000, 0x0000000800000000)
  region size 2048K, 4 young (8192K), 3 survivors (6144K)
 Metaspace       used 45548K, committed 46080K, reserved 1114112K
  class space    used 5862K, committed 6144K, reserved 1048576K
}
Event: 6.550 GC heap after
{Heap after GC invocations=12 (full 0):
 garbage-first heap   total 81920K, used 24962K [0x0000000704200000, 0x0000000800000000)
  region size 2048K, 1 young (2048K), 1 survivors (2048K)
 Metaspace       used 45548K, committed 46080K, reserved 1114112K
  class space    used 5862K, committed 6144K, reserved 1048576K
}
Event: 7.569 GC heap before
{Heap before GC invocations=12 (full 0):
 garbage-first heap   total 81920K, used 59778K [0x0000000704200000, 0x0000000800000000)
  region size 2048K, 19 young (38912K), 1 survivors (2048K)
 Metaspace       used 54975K, committed 55616K, reserved 1114112K
  class space    used 7350K, committed 7680K, reserved 1048576K
}
Event: 7.573 GC heap after
{Heap after GC invocations=13 (full 0):
 garbage-first heap   total 81920K, used 25850K [0x0000000704200000, 0x0000000800000000)
  region size 2048K, 1 young (2048K), 1 survivors (2048K)
 Metaspace       used 54975K, committed 55616K, reserved 1114112K
  class space    used 7350K, committed 7680K, reserved 1048576K
}
Event: 8.361 GC heap before
{Heap before GC invocations=13 (full 0):
 garbage-first heap   total 81920K, used 52474K [0x0000000704200000, 0x0000000800000000)
  region size 2048K, 16 young (32768K), 1 survivors (2048K)
 Metaspace       used 59632K, committed 60288K, reserved 1114112K
  class space    used 7946K, committed 8256K, reserved 1048576K
}
Event: 8.368 GC heap after
{Heap after GC invocations=14 (full 0):
 garbage-first heap   total 81920K, used 28751K [0x0000000704200000, 0x0000000800000000)
  region size 2048K, 3 young (6144K), 3 survivors (6144K)
 Metaspace       used 59632K, committed 60288K, reserved 1114112K
  class space    used 7946K, committed 8256K, reserved 1048576K
}
Event: 9.246 GC heap before
{Heap before GC invocations=15 (full 0):
 garbage-first heap   total 81920K, used 61519K [0x0000000704200000, 0x0000000800000000)
  region size 2048K, 19 young (38912K), 3 survivors (6144K)
 Metaspace       used 62963K, committed 63680K, reserved 1114112K
  class space    used 8462K, committed 8768K, reserved 1048576K
}
Event: 9.253 GC heap after
{Heap after GC invocations=16 (full 0):
 garbage-first heap   total 81920K, used 31843K [0x0000000704200000, 0x0000000800000000)
  region size 2048K, 3 young (6144K), 3 survivors (6144K)
 Metaspace       used 62963K, committed 63680K, reserved 1114112K
  class space    used 8462K, committed 8768K, reserved 1048576K
}

