# JRE version: OpenJDK Runtime Environment Temurin-17.0.7+7 (17.0.7+7) (build 17.0.7+7)
# Java VM: OpenJDK 64-Bit Server VM Temurin-17.0.7+7 (17.0.7+7, mixed mode, tiered, compressed oops, compressed class ptrs, parallel gc, windows-amd64)
GC Precious Log:
 CPUs: 8 total, 8 available
 Memory: 16118M
 Large Page Support: Disabled
 NUMA Support: Disabled
 Compressed Oops: Enabled (32-bit)
 Alignments: Space 512K, Generation 512K, Heap 2M
 Heap Min Capacity: 100M
 Heap Initial Capacity: 100M
 Heap Max Capacity: 1G
 Pre-touch: Disabled
 Parallel Workers: 8
Heap:
 PSYoungGen      total 7168K, used 2803K [0x00000000eab00000, 0x00000000eb300000, 0x0000000100000000)
  eden space 6144K, 34% used [0x00000000eab00000,0x00000000ead0cf28,0x00000000eb100000)
  from space 1024K, 68% used [0x00000000eb200000,0x00000000eb2b0000,0x00000000eb300000)
  to   space 1024K, 0% used [0x00000000eb100000,0x00000000eb100000,0x00000000eb200000)
 ParOldGen       total 207872K, used 192723K [0x00000000c0000000, 0x00000000ccb00000, 0x00000000eab00000)
  object space 207872K, 92% used [0x00000000c0000000,0x00000000cbc34c38,0x00000000ccb00000)
 Metaspace       used 70829K, committed 71936K, reserved 1114112K
  class space    used 7485K, committed 8000K, reserved 1048576K
GC Heap History (20 events):
Event: 577.258 GC heap before
{Heap before GC invocations=794 (full 18):
 PSYoungGen      total 4608K, used 4351K [0x00000000eab00000, 0x00000000eb100000, 0x0000000100000000)
  eden space 3072K, 99% used [0x00000000eab00000,0x00000000eadffff8,0x00000000eae00000)
  from space 1536K, 83% used [0x00000000eaf80000,0x00000000eb0c0000,0x00000000eb100000)
  to   space 1536K, 0% used [0x00000000eae00000,0x00000000eae00000,0x00000000eaf80000)
 ParOldGen       total 207872K, used 187312K [0x00000000c0000000, 0x00000000ccb00000, 0x00000000eab00000)
  object space 207872K, 90% used [0x00000000c0000000,0x00000000cb6ec280,0x00000000ccb00000)
 Metaspace       used 70392K, committed 71552K, reserved 1114112K
  class space    used 7459K, committed 8000K, reserved 1048576K
}
Event: 577.262 GC heap after
{Heap after GC invocations=794 (full 18):
 PSYoungGen      total 4608K, used 1280K [0x00000000eab00000, 0x00000000eb200000, 0x0000000100000000)
  eden space 3072K, 0% used [0x00000000eab00000,0x00000000eab00000,0x00000000eae00000)
  from space 1536K, 83% used [0x00000000eae00000,0x00000000eaf40000,0x00000000eaf80000)
  to   space 1536K, 0% used [0x00000000eb080000,0x00000000eb080000,0x00000000eb200000)
 ParOldGen       total 207872K, used 187472K [0x00000000c0000000, 0x00000000ccb00000, 0x00000000eab00000)
  object space 207872K, 90% used [0x00000000c0000000,0x00000000cb714290,0x00000000ccb00000)
 Metaspace       used 70392K, committed 71552K, reserved 1114112K
  class space    used 7459K, committed 8000K, reserved 1048576K
}
Event: 577.275 GC heap before
{Heap before GC invocations=795 (full 18):
 PSYoungGen      total 4608K, used 4352K [0x00000000eab00000, 0x00000000eb200000, 0x0000000100000000)
  eden space 3072K, 100% used [0x00000000eab00000,0x00000000eae00000,0x00000000eae00000)
  from space 1536K, 83% used [0x00000000eae00000,0x00000000eaf40000,0x00000000eaf80000)
  to   space 1536K, 0% used [0x00000000eb080000,0x00000000eb080000,0x00000000eb200000)
 ParOldGen       total 207872K, used 187472K [0x00000000c0000000, 0x00000000ccb00000, 0x00000000eab00000)
  object space 207872K, 90% used [0x00000000c0000000,0x00000000cb714290,0x00000000ccb00000)
 Metaspace       used 70402K, committed 71552K, reserved 1114112K
  class space    used 7461K, committed 8000K, reserved 1048576K
}
Event: 577.279 GC heap after
{Heap after GC invocations=795 (full 18):
 PSYoungGen      total 5632K, used 1376K [0x00000000eab00000, 0x00000000eb200000, 0x0000000100000000)
  eden space 4096K, 0% used [0x00000000eab00000,0x00000000eab00000,0x00000000eaf00000)
  from space 1536K, 89% used [0x00000000eb080000,0x00000000eb1d8000,0x00000000eb200000)
  to   space 1536K, 0% used [0x00000000eaf00000,0x00000000eaf00000,0x00000000eb080000)
 ParOldGen       total 207872K, used 187648K [0x00000000c0000000, 0x00000000ccb00000, 0x00000000eab00000)
  object space 207872K, 90% used [0x00000000c0000000,0x00000000cb740290,0x00000000ccb00000)
 Metaspace       used 70402K, committed 71552K, reserved 1114112K
  class space    used 7461K, committed 8000K, reserved 1048576K
}
Event: 577.300 GC heap before
{Heap before GC invocations=796 (full 18):
 PSYoungGen      total 5632K, used 5355K [0x00000000eab00000, 0x00000000eb200000, 0x0000000100000000)
  eden space 4096K, 97% used [0x00000000eab00000,0x00000000eaee2c38,0x00000000eaf00000)
  from space 1536K, 89% used [0x00000000eb080000,0x00000000eb1d8000,0x00000000eb200000)
  to   space 1536K, 0% used [0x00000000eaf00000,0x00000000eaf00000,0x00000000eb080000)
 ParOldGen       total 207872K, used 187648K [0x00000000c0000000, 0x00000000ccb00000, 0x00000000eab00000)
  object space 207872K, 90% used [0x00000000c0000000,0x00000000cb740290,0x00000000ccb00000)
 Metaspace       used 70406K, committed 71552K, reserved 1114112K
  class space    used 7462K, committed 8000K, reserved 1048576K
}
Event: 577.302 GC heap after
{Heap after GC invocations=796 (full 18):
 PSYoungGen      total 5632K, used 1536K [0x00000000eab00000, 0x00000000eb500000, 0x0000000100000000)
  eden space 4096K, 0% used [0x00000000eab00000,0x00000000eab00000,0x00000000eaf00000)
  from space 1536K, 100% used [0x00000000eaf00000,0x00000000eb080000,0x00000000eb080000)
  to   space 2560K, 0% used [0x00000000eb280000,0x00000000eb280000,0x00000000eb500000)
 ParOldGen       total 207872K, used 188445K [0x00000000c0000000, 0x00000000ccb00000, 0x00000000eab00000)
  object space 207872K, 90% used [0x00000000c0000000,0x00000000cb8075e8,0x00000000ccb00000)
 Metaspace       used 70406K, committed 71552K, reserved 1114112K
  class space    used 7462K, committed 8000K, reserved 1048576K
}
Event: 577.336 GC heap before
{Heap before GC invocations=797 (full 18):
 PSYoungGen      total 5632K, used 5616K [0x00000000eab00000, 0x00000000eb500000, 0x0000000100000000)
  eden space 4096K, 99% used [0x00000000eab00000,0x00000000eaefc180,0x00000000eaf00000)
  from space 1536K, 100% used [0x00000000eaf00000,0x00000000eb080000,0x00000000eb080000)
  to   space 2560K, 0% used [0x00000000eb280000,0x00000000eb280000,0x00000000eb500000)
 ParOldGen       total 207872K, used 188445K [0x00000000c0000000, 0x00000000ccb00000, 0x00000000eab00000)
  object space 207872K, 90% used [0x00000000c0000000,0x00000000cb8075e8,0x00000000ccb00000)
 Metaspace       used 70409K, committed 71552K, reserved 1114112K
  class space    used 7462K, committed 8000K, reserved 1048576K
}
Event: 577.339 GC heap after
{Heap after GC invocations=797 (full 18):
 PSYoungGen      total 6144K, used 1752K [0x00000000eab00000, 0x00000000eb480000, 0x0000000100000000)
  eden space 4096K, 0% used [0x00000000eab00000,0x00000000eab00000,0x00000000eaf00000)
  from space 2048K, 85% used [0x00000000eb280000,0x00000000eb436398,0x00000000eb480000)
  to   space 2048K, 0% used [0x00000000eb080000,0x00000000eb080000,0x00000000eb280000)
 ParOldGen       total 207872K, used 188789K [0x00000000c0000000, 0x00000000ccb00000, 0x00000000eab00000)
  object space 207872K, 90% used [0x00000000c0000000,0x00000000cb85d5e8,0x00000000ccb00000)
 Metaspace       used 70409K, committed 71552K, reserved 1114112K
  class space    used 7462K, committed 8000K, reserved 1048576K
}
Event: 577.501 GC heap before
{Heap before GC invocations=798 (full 18):
 PSYoungGen      total 6144K, used 5799K [0x00000000eab00000, 0x00000000eb480000, 0x0000000100000000)
  eden space 4096K, 98% used [0x00000000eab00000,0x00000000eaef3bd8,0x00000000eaf00000)
  from space 2048K, 85% used [0x00000000eb280000,0x00000000eb436398,0x00000000eb480000)
  to   space 2048K, 0% used [0x00000000eb080000,0x00000000eb080000,0x00000000eb280000)
 ParOldGen       total 207872K, used 188789K [0x00000000c0000000, 0x00000000ccb00000, 0x00000000eab00000)
  object space 207872K, 90% used [0x00000000c0000000,0x00000000cb85d5e8,0x00000000ccb00000)
 Metaspace       used 70427K, committed 71552K, reserved 1114112K
  class space    used 7464K, committed 8000K, reserved 1048576K
}
Event: 577.503 GC heap after
{Heap after GC invocations=798 (full 18):
 PSYoungGen      total 5632K, used 1208K [0x00000000eab00000, 0x00000000eb300000, 0x0000000100000000)
  eden space 4096K, 0% used [0x00000000eab00000,0x00000000eab00000,0x00000000eaf00000)
  from space 1536K, 78% used [0x00000000eb080000,0x00000000eb1ae1d8,0x00000000eb200000)
  to   space 1024K, 0% used [0x00000000eb200000,0x00000000eb200000,0x00000000eb300000)
 ParOldGen       total 207872K, used 189077K [0x00000000c0000000, 0x00000000ccb00000, 0x00000000eab00000)
  object space 207872K, 90% used [0x00000000c0000000,0x00000000cb8a55e8,0x00000000ccb00000)
 Metaspace       used 70427K, committed 71552K, reserved 1114112K
  class space    used 7464K, committed 8000K, reserved 1048576K
}
Event: 577.565 GC heap before
{Heap before GC invocations=799 (full 18):
 PSYoungGen      total 5632K, used 5304K [0x00000000eab00000, 0x00000000eb300000, 0x0000000100000000)
  eden space 4096K, 99% used [0x00000000eab00000,0x00000000eaeffff0,0x00000000eaf00000)
  from space 1536K, 78% used [0x00000000eb080000,0x00000000eb1ae1d8,0x00000000eb200000)
  to   space 1024K, 0% used [0x00000000eb200000,0x00000000eb200000,0x00000000eb300000)
 ParOldGen       total 207872K, used 189077K [0x00000000c0000000, 0x00000000ccb00000, 0x00000000eab00000)
  object space 207872K, 90% used [0x00000000c0000000,0x00000000cb8a55e8,0x00000000ccb00000)
 Metaspace       used 70824K, committed 71936K, reserved 1114112K
  class space    used 7485K, committed 8000K, reserved 1048576K
}
Event: 577.568 GC heap after
{Heap after GC invocations=799 (full 18):
 PSYoungGen      total 4608K, used 512K [0x00000000eab00000, 0x00000000eb280000, 0x0000000100000000)
  eden space 4096K, 0% used [0x00000000eab00000,0x00000000eab00000,0x00000000eaf00000)
  from space 512K, 100% used [0x00000000eb200000,0x00000000eb280000,0x00000000eb280000)
  to   space 1024K, 0% used [0x00000000eb080000,0x00000000eb080000,0x00000000eb180000)
 ParOldGen       total 207872K, used 190093K [0x00000000c0000000, 0x00000000ccb00000, 0x00000000eab00000)
  object space 207872K, 91% used [0x00000000c0000000,0x00000000cb9a35e8,0x00000000ccb00000)
 Metaspace       used 70824K, committed 71936K, reserved 1114112K
  class space    used 7485K, committed 8000K, reserved 1048576K
}
Event: 577.581 GC heap before
{Heap before GC invocations=800 (full 18):
 PSYoungGen      total 4608K, used 4608K [0x00000000eab00000, 0x00000000eb280000, 0x0000000100000000)
  eden space 4096K, 100% used [0x00000000eab00000,0x00000000eaf00000,0x00000000eaf00000)
  from space 512K, 100% used [0x00000000eb200000,0x00000000eb280000,0x00000000eb280000)
  to   space 1024K, 0% used [0x00000000eb080000,0x00000000eb080000,0x00000000eb180000)
 ParOldGen       total 207872K, used 190093K [0x00000000c0000000, 0x00000000ccb00000, 0x00000000eab00000)
  object space 207872K, 91% used [0x00000000c0000000,0x00000000cb9a35e8,0x00000000ccb00000)
 Metaspace       used 70827K, committed 71936K, reserved 1114112K
  class space    used 7485K, committed 8000K, reserved 1048576K
}
Event: 577.583 GC heap after
{Heap after GC invocations=800 (full 18):
 PSYoungGen      total 5120K, used 864K [0x00000000eab00000, 0x00000000eb280000, 0x0000000100000000)
  eden space 4096K, 0% used [0x00000000eab00000,0x00000000eab00000,0x00000000eaf00000)
  from space 1024K, 84% used [0x00000000eb080000,0x00000000eb158000,0x00000000eb180000)
  to   space 1024K, 0% used [0x00000000eb180000,0x00000000eb180000,0x00000000eb280000)
 ParOldGen       total 207872K, used 190093K [0x00000000c0000000, 0x00000000ccb00000, 0x00000000eab00000)
  object space 207872K, 91% used [0x00000000c0000000,0x00000000cb9a35e8,0x00000000ccb00000)
 Metaspace       used 70827K, committed 71936K, reserved 1114112K
  class space    used 7485K, committed 8000K, reserved 1048576K
}
Event: 577.601 GC heap before
{Heap before GC invocations=801 (full 18):
 PSYoungGen      total 5120K, used 4960K [0x00000000eab00000, 0x00000000eb280000, 0x0000000100000000)
  eden space 4096K, 100% used [0x00000000eab00000,0x00000000eaf00000,0x00000000eaf00000)
  from space 1024K, 84% used [0x00000000eb080000,0x00000000eb158000,0x00000000eb180000)
  to   space 1024K, 0% used [0x00000000eb180000,0x00000000eb180000,0x00000000eb280000)
 ParOldGen       total 207872K, used 190093K [0x00000000c0000000, 0x00000000ccb00000, 0x00000000eab00000)
  object space 207872K, 91% used [0x00000000c0000000,0x00000000cb9a35e8,0x00000000ccb00000)
 Metaspace       used 70827K, committed 71936K, reserved 1114112K
  class space    used 7485K, committed 8000K, reserved 1048576K
}
Event: 577.603 GC heap after
{Heap after GC invocations=801 (full 18):
 PSYoungGen      total 5120K, used 1024K [0x00000000eab00000, 0x00000000eb280000, 0x0000000100000000)
  eden space 4096K, 0% used [0x00000000eab00000,0x00000000eab00000,0x00000000eaf00000)
  from space 1024K, 100% used [0x00000000eb180000,0x00000000eb280000,0x00000000eb280000)
  to   space 1536K, 0% used [0x00000000eaf80000,0x00000000eaf80000,0x00000000eb100000)
 ParOldGen       total 207872K, used 190197K [0x00000000c0000000, 0x00000000ccb00000, 0x00000000eab00000)
  object space 207872K, 91% used [0x00000000c0000000,0x00000000cb9bd5e8,0x00000000ccb00000)
 Metaspace       used 70827K, committed 71936K, reserved 1114112K
  class space    used 7485K, committed 8000K, reserved 1048576K
}
Event: 577.611 GC heap before
{Heap before GC invocations=802 (full 18):
 PSYoungGen      total 5120K, used 5120K [0x00000000eab00000, 0x00000000eb280000, 0x0000000100000000)
  eden space 4096K, 100% used [0x00000000eab00000,0x00000000eaf00000,0x00000000eaf00000)
  from space 1024K, 100% used [0x00000000eb180000,0x00000000eb280000,0x00000000eb280000)
  to   space 1536K, 0% used [0x00000000eaf80000,0x00000000eaf80000,0x00000000eb100000)
 ParOldGen       total 207872K, used 190197K [0x00000000c0000000, 0x00000000ccb00000, 0x00000000eab00000)
  object space 207872K, 91% used [0x00000000c0000000,0x00000000cb9bd5e8,0x00000000ccb00000)
 Metaspace       used 70827K, committed 71936K, reserved 1114112K
  class space    used 7485K, committed 8000K, reserved 1048576K
}
Event: 577.614 GC heap after
{Heap after GC invocations=802 (full 18):
 PSYoungGen      total 5632K, used 896K [0x00000000eab00000, 0x00000000eb200000, 0x0000000100000000)
  eden space 4096K, 0% used [0x00000000eab00000,0x00000000eab00000,0x00000000eaf00000)
  from space 1536K, 58% used [0x00000000eaf80000,0x00000000eb060000,0x00000000eb100000)
  to   space 1024K, 0% used [0x00000000eb100000,0x00000000eb100000,0x00000000eb200000)
 ParOldGen       total 207872K, used 190875K [0x00000000c0000000, 0x00000000ccb00000, 0x00000000eab00000)
  object space 207872K, 91% used [0x00000000c0000000,0x00000000cba66c38,0x00000000ccb00000)
 Metaspace       used 70827K, committed 71936K, reserved 1114112K
  class space    used 7485K, committed 8000K, reserved 1048576K
}
Event: 577.621 GC heap before
{Heap before GC invocations=803 (full 18):
 PSYoungGen      total 5632K, used 4992K [0x00000000eab00000, 0x00000000eb200000, 0x0000000100000000)
  eden space 4096K, 100% used [0x00000000eab00000,0x00000000eaf00000,0x00000000eaf00000)
  from space 1536K, 58% used [0x00000000eaf80000,0x00000000eb060000,0x00000000eb100000)
  to   space 1024K, 0% used [0x00000000eb100000,0x00000000eb100000,0x00000000eb200000)
 ParOldGen       total 207872K, used 190875K [0x00000000c0000000, 0x00000000ccb00000, 0x00000000eab00000)
  object space 207872K, 91% used [0x00000000c0000000,0x00000000cba66c38,0x00000000ccb00000)
 Metaspace       used 70827K, committed 71936K, reserved 1114112K
  class space    used 7485K, committed 8000K, reserved 1048576K
}
Event: 577.623 GC heap after
{Heap after GC invocations=803 (full 18):
 PSYoungGen      total 6144K, used 608K [0x00000000eab00000, 0x00000000eb200000, 0x0000000100000000)
  eden space 5120K, 0% used [0x00000000eab00000,0x00000000eab00000,0x00000000eb000000)
  from space 1024K, 59% used [0x00000000eb100000,0x00000000eb198000,0x00000000eb200000)
  to   space 1024K, 0% used [0x00000000eb000000,0x00000000eb000000,0x00000000eb100000)
 ParOldGen       total 207872K, used 191675K [0x00000000c0000000, 0x00000000ccb00000, 0x00000000eab00000)
  object space 207872K, 92% used [0x00000000c0000000,0x00000000cbb2ec38,0x00000000ccb00000)
 Metaspace       used 70827K, committed 71936K, reserved 1114112K
  class space    used 7485K, committed 8000K, reserved 1048576K
}

