# JRE version: OpenJDK Runtime Environment Temurin-17.0.7+7 (17.0.7+7) (build 17.0.7+7)
# Java VM: OpenJDK 64-Bit Server VM Temurin-17.0.7+7 (17.0.7+7, mixed mode, emulated-client, tiered, compressed oops, compressed class ptrs, g1 gc, windows-amd64)
GC Precious Log:
 CPUs: 8 total, 8 available
 Memory: 16118M
 Large Page Support: Disabled
 NUMA Support: Disabled
 Compressed Oops: Enabled (32-bit)
 Heap Region Size: 1M
 Heap Min Capacity: 8M
 Heap Initial Capacity: 252M
 Heap Max Capacity: 1G
 Pre-touch: Disabled
 Parallel Workers: 8
 Concurrent Workers: 2
 Concurrent Refinement Workers: 8
 Periodic GC: Disabled
Heap:
 garbage-first heap   total 319488K, used 103265K [0x00000000c0000000, 0x0000000100000000)
  region size 1024K, 13 young (13312K), 13 survivors (13312K)
 Metaspace       used 39130K, committed 39552K, reserved 1114112K
  class space    used 5128K, committed 5312K, reserved 1048576K
GC Heap History (20 events):
Event: 40.438 GC heap after
{Heap after GC invocations=11 (full 0):
 garbage-first heap   total 61440K, used 29312K [0x00000000c0000000, 0x0000000100000000)
  region size 1024K, 3 young (3072K), 3 survivors (3072K)
 Metaspace       used 38831K, committed 39168K, reserved 1114112K
  class space    used 5087K, committed 5248K, reserved 1048576K
}
Event: 40.480 GC heap before
{Heap before GC invocations=11 (full 0):
 garbage-first heap   total 61440K, used 44672K [0x00000000c0000000, 0x0000000100000000)
  region size 1024K, 19 young (19456K), 3 survivors (3072K)
 Metaspace       used 38831K, committed 39168K, reserved 1114112K
  class space    used 5087K, committed 5248K, reserved 1048576K
}
Event: 40.484 GC heap after
{Heap after GC invocations=12 (full 0):
 garbage-first heap   total 159744K, used 32761K [0x00000000c0000000, 0x0000000100000000)
  region size 1024K, 3 young (3072K), 3 survivors (3072K)
 Metaspace       used 38831K, committed 39168K, reserved 1114112K
  class space    used 5087K, committed 5248K, reserved 1048576K
}
Event: 40.650 GC heap before
{Heap before GC invocations=12 (full 0):
 garbage-first heap   total 159744K, used 107513K [0x00000000c0000000, 0x0000000100000000)
  region size 1024K, 77 young (78848K), 3 survivors (3072K)
 Metaspace       used 38926K, committed 39296K, reserved 1114112K
  class space    used 5104K, committed 5248K, reserved 1048576K
}
Event: 40.661 GC heap after
{Heap after GC invocations=13 (full 0):
 garbage-first heap   total 159744K, used 50817K [0x00000000c0000000, 0x0000000100000000)
  region size 1024K, 10 young (10240K), 10 survivors (10240K)
 Metaspace       used 38926K, committed 39296K, reserved 1114112K
  class space    used 5104K, committed 5248K, reserved 1048576K
}
Event: 41.014 GC heap before
{Heap before GC invocations=13 (full 0):
 garbage-first heap   total 159744K, used 105089K [0x00000000c0000000, 0x0000000100000000)
  region size 1024K, 63 young (64512K), 10 survivors (10240K)
 Metaspace       used 38928K, committed 39296K, reserved 1114112K
  class space    used 5104K, committed 5248K, reserved 1048576K
}
Event: 41.027 GC heap after
{Heap after GC invocations=14 (full 0):
 garbage-first heap   total 159744K, used 67914K [0x00000000c0000000, 0x0000000100000000)
  region size 1024K, 8 young (8192K), 8 survivors (8192K)
 Metaspace       used 38928K, committed 39296K, reserved 1114112K
  class space    used 5104K, committed 5248K, reserved 1048576K
}
Event: 41.085 GC heap before
{Heap before GC invocations=14 (full 0):
 garbage-first heap   total 159744K, used 109898K [0x00000000c0000000, 0x0000000100000000)
  region size 1024K, 49 young (50176K), 8 survivors (8192K)
 Metaspace       used 39019K, committed 39360K, reserved 1114112K
  class space    used 5115K, committed 5248K, reserved 1048576K
}
Event: 41.111 GC heap after
{Heap after GC invocations=15 (full 0):
 garbage-first heap   total 159744K, used 79987K [0x00000000c0000000, 0x0000000100000000)
  region size 1024K, 7 young (7168K), 7 survivors (7168K)
 Metaspace       used 39019K, committed 39360K, reserved 1114112K
  class space    used 5115K, committed 5248K, reserved 1048576K
}
Event: 41.123 GC heap before
{Heap before GC invocations=15 (full 0):
 garbage-first heap   total 159744K, used 113779K [0x00000000c0000000, 0x0000000100000000)
  region size 1024K, 41 young (41984K), 7 survivors (7168K)
 Metaspace       used 39084K, committed 39488K, reserved 1114112K
  class space    used 5123K, committed 5312K, reserved 1048576K
}
Event: 41.128 GC heap after
{Heap after GC invocations=16 (full 0):
 garbage-first heap   total 319488K, used 83232K [0x00000000c0000000, 0x0000000100000000)
  region size 1024K, 3 young (3072K), 3 survivors (3072K)
 Metaspace       used 39084K, committed 39488K, reserved 1114112K
  class space    used 5123K, committed 5312K, reserved 1048576K
}
Event: 41.187 GC heap before
{Heap before GC invocations=16 (full 0):
 garbage-first heap   total 319488K, used 198944K [0x00000000c0000000, 0x0000000100000000)
  region size 1024K, 117 young (119808K), 3 survivors (3072K)
 Metaspace       used 39130K, committed 39552K, reserved 1114112K
  class space    used 5128K, committed 5312K, reserved 1048576K
}
Event: 41.190 GC heap after
{Heap after GC invocations=17 (full 0):
 garbage-first heap   total 319488K, used 87299K [0x00000000c0000000, 0x0000000100000000)
  region size 1024K, 7 young (7168K), 7 survivors (7168K)
 Metaspace       used 39130K, committed 39552K, reserved 1114112K
  class space    used 5128K, committed 5312K, reserved 1048576K
}
Event: 41.249 GC heap before
{Heap before GC invocations=18 (full 0):
 garbage-first heap   total 319488K, used 228611K [0x00000000c0000000, 0x0000000100000000)
  region size 1024K, 147 young (150528K), 7 survivors (7168K)
 Metaspace       used 39130K, committed 39552K, reserved 1114112K
  class space    used 5128K, committed 5312K, reserved 1048576K
}
Event: 41.254 GC heap after
{Heap after GC invocations=19 (full 0):
 garbage-first heap   total 319488K, used 91634K [0x00000000c0000000, 0x0000000100000000)
  region size 1024K, 12 young (12288K), 12 survivors (12288K)
 Metaspace       used 39130K, committed 39552K, reserved 1114112K
  class space    used 5128K, committed 5312K, reserved 1048576K
}
Event: 41.256 GC heap before
{Heap before GC invocations=19 (full 0):
 garbage-first heap   total 319488K, used 93682K [0x00000000c0000000, 0x0000000100000000)
  region size 1024K, 15 young (15360K), 12 survivors (12288K)
 Metaspace       used 39130K, committed 39552K, reserved 1114112K
  class space    used 5128K, committed 5312K, reserved 1048576K
}
Event: 41.260 GC heap after
{Heap after GC invocations=20 (full 0):
 garbage-first heap   total 319488K, used 92423K [0x00000000c0000000, 0x0000000100000000)
  region size 1024K, 2 young (2048K), 2 survivors (2048K)
 Metaspace       used 39130K, committed 39552K, reserved 1114112K
  class space    used 5128K, committed 5312K, reserved 1048576K
}
Event: 41.308 GC heap before
{Heap before GC invocations=20 (full 0):
 garbage-first heap   total 319488K, used 239879K [0x00000000c0000000, 0x0000000100000000)
  region size 1024K, 147 young (150528K), 2 survivors (2048K)
 Metaspace       used 39130K, committed 39552K, reserved 1114112K
  class space    used 5128K, committed 5312K, reserved 1048576K
}
Event: 41.312 GC heap after
{Heap after GC invocations=21 (full 0):
 garbage-first heap   total 319488K, used 97071K [0x00000000c0000000, 0x0000000100000000)
  region size 1024K, 7 young (7168K), 7 survivors (7168K)
 Metaspace       used 39130K, committed 39552K, reserved 1114112K
  class space    used 5128K, committed 5312K, reserved 1048576K
}
Event: 41.354 GC heap before
{Heap before GC invocations=21 (full 0):
 garbage-first heap   total 319488K, used 245551K [0x00000000c0000000, 0x0000000100000000)
  region size 1024K, 153 young (156672K), 7 survivors (7168K)
 Metaspace       used 39130K, committed 39552K, reserved 1114112K
  class space    used 5128K, committed 5312K, reserved 1048576K
}

