# JRE version: OpenJDK Runtime Environment Temurin-17.0.7+7 (17.0.7+7) (build 17.0.7+7)
# Java VM: OpenJDK 64-Bit Server VM Temurin-17.0.7+7 (17.0.7+7, mixed mode, tiered, compressed oops, compressed class ptrs, parallel gc, windows-amd64)
GC Precious Log:
 CPUs: 8 total, 8 available
 Memory: 16118M
 Large Page Support: Disabled
 NUMA Support: Disabled
 Compressed Oops: Enabled (32-bit)
 Alignments: Space 512K, Generation 512K, Heap 2M
 Heap Min Capacity: 100M
 Heap Initial Capacity: 100M
 Heap Max Capacity: 1G
 Pre-touch: Disabled
 Parallel Workers: 8
Heap:
 PSYoungGen      total 15360K, used 13145K [0x00000000eab00000, 0x00000000ebb80000, 0x0000000100000000)
  eden space 14848K, 86% used [0x00000000eab00000,0x00000000eb7964e0,0x00000000eb980000)
  from space 512K, 50% used [0x00000000ebb00000,0x00000000ebb40000,0x00000000ebb80000)
  to   space 512K, 0% used [0x00000000eba00000,0x00000000eba00000,0x00000000eba80000)
 ParOldGen       total 68608K, used 63184K [0x00000000c0000000, 0x00000000c4300000, 0x00000000eab00000)
  object space 68608K, 92% used [0x00000000c0000000,0x00000000c3db43f0,0x00000000c4300000)
 Metaspace       used 65528K, committed 66624K, reserved 1114112K
  class space    used 6923K, committed 7424K, reserved 1048576K
GC Heap History (20 events):
Event: 24.764 GC heap before
{Heap before GC invocations=48 (full 3):
 PSYoungGen      total 16896K, used 16888K [0x00000000eab00000, 0x00000000ebf80000, 0x0000000100000000)
  eden space 14848K, 100% used [0x00000000eab00000,0x00000000eb980000,0x00000000eb980000)
  from space 2048K, 99% used [0x00000000ebd00000,0x00000000ebefe020,0x00000000ebf00000)
  to   space 3072K, 0% used [0x00000000eb980000,0x00000000eb980000,0x00000000ebc80000)
 ParOldGen       total 68608K, used 56361K [0x00000000c0000000, 0x00000000c4300000, 0x00000000eab00000)
  object space 68608K, 82% used [0x00000000c0000000,0x00000000c370a408,0x00000000c4300000)
 Metaspace       used 61577K, committed 62720K, reserved 1114112K
  class space    used 6584K, committed 7104K, reserved 1048576K
}
Event: 24.769 GC heap after
{Heap after GC invocations=48 (full 3):
 PSYoungGen      total 15872K, used 782K [0x00000000eab00000, 0x00000000ebd80000, 0x0000000100000000)
  eden space 14848K, 0% used [0x00000000eab00000,0x00000000eab00000,0x00000000eb980000)
  from space 1024K, 76% used [0x00000000eb980000,0x00000000eba43a18,0x00000000eba80000)
  to   space 1536K, 0% used [0x00000000ebc00000,0x00000000ebc00000,0x00000000ebd80000)
 ParOldGen       total 68608K, used 58046K [0x00000000c0000000, 0x00000000c4300000, 0x00000000eab00000)
  object space 68608K, 84% used [0x00000000c0000000,0x00000000c38af970,0x00000000c4300000)
 Metaspace       used 61577K, committed 62720K, reserved 1114112K
  class space    used 6584K, committed 7104K, reserved 1048576K
}
Event: 24.821 GC heap before
{Heap before GC invocations=49 (full 3):
 PSYoungGen      total 15872K, used 15630K [0x00000000eab00000, 0x00000000ebd80000, 0x0000000100000000)
  eden space 14848K, 100% used [0x00000000eab00000,0x00000000eb980000,0x00000000eb980000)
  from space 1024K, 76% used [0x00000000eb980000,0x00000000eba43a18,0x00000000eba80000)
  to   space 1536K, 0% used [0x00000000ebc00000,0x00000000ebc00000,0x00000000ebd80000)
 ParOldGen       total 68608K, used 58046K [0x00000000c0000000, 0x00000000c4300000, 0x00000000eab00000)
  object space 68608K, 84% used [0x00000000c0000000,0x00000000c38af970,0x00000000c4300000)
 Metaspace       used 61617K, committed 62784K, reserved 1114112K
  class space    used 6585K, committed 7104K, reserved 1048576K
}
Event: 24.822 GC heap after
{Heap after GC invocations=49 (full 3):
 PSYoungGen      total 15360K, used 414K [0x00000000eab00000, 0x00000000ebc80000, 0x0000000100000000)
  eden space 14848K, 0% used [0x00000000eab00000,0x00000000eab00000,0x00000000eb980000)
  from space 512K, 80% used [0x00000000ebc00000,0x00000000ebc67800,0x00000000ebc80000)
  to   space 1024K, 0% used [0x00000000eba80000,0x00000000eba80000,0x00000000ebb80000)
 ParOldGen       total 68608K, used 58239K [0x00000000c0000000, 0x00000000c4300000, 0x00000000eab00000)
  object space 68608K, 84% used [0x00000000c0000000,0x00000000c38dfde0,0x00000000c4300000)
 Metaspace       used 61617K, committed 62784K, reserved 1114112K
  class space    used 6585K, committed 7104K, reserved 1048576K
}
Event: 24.905 GC heap before
{Heap before GC invocations=50 (full 3):
 PSYoungGen      total 15360K, used 15262K [0x00000000eab00000, 0x00000000ebc80000, 0x0000000100000000)
  eden space 14848K, 100% used [0x00000000eab00000,0x00000000eb980000,0x00000000eb980000)
  from space 512K, 80% used [0x00000000ebc00000,0x00000000ebc67800,0x00000000ebc80000)
  to   space 1024K, 0% used [0x00000000eba80000,0x00000000eba80000,0x00000000ebb80000)
 ParOldGen       total 68608K, used 58239K [0x00000000c0000000, 0x00000000c4300000, 0x00000000eab00000)
  object space 68608K, 84% used [0x00000000c0000000,0x00000000c38dfe38,0x00000000c4300000)
 Metaspace       used 62763K, committed 63872K, reserved 1114112K
  class space    used 6685K, committed 7168K, reserved 1048576K
}
Event: 24.905 GC heap after
{Heap after GC invocations=50 (full 3):
 PSYoungGen      total 15872K, used 469K [0x00000000eab00000, 0x00000000ebc80000, 0x0000000100000000)
  eden space 14848K, 0% used [0x00000000eab00000,0x00000000eab00000,0x00000000eb980000)
  from space 1024K, 45% used [0x00000000eba80000,0x00000000ebaf5410,0x00000000ebb80000)
  to   space 512K, 0% used [0x00000000ebc00000,0x00000000ebc00000,0x00000000ebc80000)
 ParOldGen       total 68608K, used 58335K [0x00000000c0000000, 0x00000000c4300000, 0x00000000eab00000)
  object space 68608K, 85% used [0x00000000c0000000,0x00000000c38f7e38,0x00000000c4300000)
 Metaspace       used 62763K, committed 63872K, reserved 1114112K
  class space    used 6685K, committed 7168K, reserved 1048576K
}
Event: 25.140 GC heap before
{Heap before GC invocations=51 (full 3):
 PSYoungGen      total 15872K, used 15317K [0x00000000eab00000, 0x00000000ebc80000, 0x0000000100000000)
  eden space 14848K, 100% used [0x00000000eab00000,0x00000000eb980000,0x00000000eb980000)
  from space 1024K, 45% used [0x00000000eba80000,0x00000000ebaf5410,0x00000000ebb80000)
  to   space 512K, 0% used [0x00000000ebc00000,0x00000000ebc00000,0x00000000ebc80000)
 ParOldGen       total 68608K, used 58369K [0x00000000c0000000, 0x00000000c4300000, 0x00000000eab00000)
  object space 68608K, 85% used [0x00000000c0000000,0x00000000c3900690,0x00000000c4300000)
 Metaspace       used 63871K, committed 64960K, reserved 1114112K
  class space    used 6791K, committed 7296K, reserved 1048576K
}
Event: 25.143 GC heap after
{Heap after GC invocations=51 (full 3):
 PSYoungGen      total 15360K, used 512K [0x00000000eab00000, 0x00000000ebd80000, 0x0000000100000000)
  eden space 14848K, 0% used [0x00000000eab00000,0x00000000eab00000,0x00000000eb980000)
  from space 512K, 100% used [0x00000000ebc00000,0x00000000ebc80000,0x00000000ebc80000)
  to   space 2048K, 0% used [0x00000000eb980000,0x00000000eb980000,0x00000000ebb80000)
 ParOldGen       total 68608K, used 59313K [0x00000000c0000000, 0x00000000c4300000, 0x00000000eab00000)
  object space 68608K, 86% used [0x00000000c0000000,0x00000000c39ec6d0,0x00000000c4300000)
 Metaspace       used 63871K, committed 64960K, reserved 1114112K
  class space    used 6791K, committed 7296K, reserved 1048576K
}
Event: 25.287 GC heap before
{Heap before GC invocations=52 (full 3):
 PSYoungGen      total 15360K, used 15360K [0x00000000eab00000, 0x00000000ebd80000, 0x0000000100000000)
  eden space 14848K, 100% used [0x00000000eab00000,0x00000000eb980000,0x00000000eb980000)
  from space 512K, 100% used [0x00000000ebc00000,0x00000000ebc80000,0x00000000ebc80000)
  to   space 2048K, 0% used [0x00000000eb980000,0x00000000eb980000,0x00000000ebb80000)
 ParOldGen       total 68608K, used 59313K [0x00000000c0000000, 0x00000000c4300000, 0x00000000eab00000)
  object space 68608K, 86% used [0x00000000c0000000,0x00000000c39ec6d0,0x00000000c4300000)
 Metaspace       used 64053K, committed 65152K, reserved 1114112K
  class space    used 6803K, committed 7296K, reserved 1048576K
}
Event: 25.288 GC heap after
{Heap after GC invocations=52 (full 3):
 PSYoungGen      total 15872K, used 928K [0x00000000eab00000, 0x00000000ebc80000, 0x0000000100000000)
  eden space 14848K, 0% used [0x00000000eab00000,0x00000000eab00000,0x00000000eb980000)
  from space 1024K, 90% used [0x00000000eb980000,0x00000000eba68000,0x00000000eba80000)
  to   space 1536K, 0% used [0x00000000ebb00000,0x00000000ebb00000,0x00000000ebc80000)
 ParOldGen       total 68608K, used 59792K [0x00000000c0000000, 0x00000000c4300000, 0x00000000eab00000)
  object space 68608K, 87% used [0x00000000c0000000,0x00000000c3a643e0,0x00000000c4300000)
 Metaspace       used 64053K, committed 65152K, reserved 1114112K
  class space    used 6803K, committed 7296K, reserved 1048576K
}
Event: 25.415 GC heap before
{Heap before GC invocations=53 (full 3):
 PSYoungGen      total 15872K, used 15776K [0x00000000eab00000, 0x00000000ebc80000, 0x0000000100000000)
  eden space 14848K, 100% used [0x00000000eab00000,0x00000000eb980000,0x00000000eb980000)
  from space 1024K, 90% used [0x00000000eb980000,0x00000000eba68000,0x00000000eba80000)
  to   space 1536K, 0% used [0x00000000ebb00000,0x00000000ebb00000,0x00000000ebc80000)
 ParOldGen       total 68608K, used 59792K [0x00000000c0000000, 0x00000000c4300000, 0x00000000eab00000)
  object space 68608K, 87% used [0x00000000c0000000,0x00000000c3a643e0,0x00000000c4300000)
 Metaspace       used 64327K, committed 65408K, reserved 1114112K
  class space    used 6819K, committed 7296K, reserved 1048576K
}
Event: 25.417 GC heap after
{Heap after GC invocations=53 (full 3):
 PSYoungGen      total 15872K, used 944K [0x00000000eab00000, 0x00000000ebc00000, 0x0000000100000000)
  eden space 14848K, 0% used [0x00000000eab00000,0x00000000eab00000,0x00000000eb980000)
  from space 1024K, 92% used [0x00000000ebb00000,0x00000000ebbec010,0x00000000ebc00000)
  to   space 1024K, 0% used [0x00000000eb980000,0x00000000eb980000,0x00000000eba80000)
 ParOldGen       total 68608K, used 60544K [0x00000000c0000000, 0x00000000c4300000, 0x00000000eab00000)
  object space 68608K, 88% used [0x00000000c0000000,0x00000000c3b203f0,0x00000000c4300000)
 Metaspace       used 64327K, committed 65408K, reserved 1114112K
  class space    used 6819K, committed 7296K, reserved 1048576K
}
Event: 25.763 GC heap before
{Heap before GC invocations=54 (full 3):
 PSYoungGen      total 15872K, used 15792K [0x00000000eab00000, 0x00000000ebc00000, 0x0000000100000000)
  eden space 14848K, 100% used [0x00000000eab00000,0x00000000eb980000,0x00000000eb980000)
  from space 1024K, 92% used [0x00000000ebb00000,0x00000000ebbec010,0x00000000ebc00000)
  to   space 1024K, 0% used [0x00000000eb980000,0x00000000eb980000,0x00000000eba80000)
 ParOldGen       total 68608K, used 60544K [0x00000000c0000000, 0x00000000c4300000, 0x00000000eab00000)
  object space 68608K, 88% used [0x00000000c0000000,0x00000000c3b203f0,0x00000000c4300000)
 Metaspace       used 64526K, committed 65664K, reserved 1114112K
  class space    used 6823K, committed 7360K, reserved 1048576K
}
Event: 25.767 GC heap after
{Heap after GC invocations=54 (full 3):
 PSYoungGen      total 15872K, used 1024K [0x00000000eab00000, 0x00000000ebd80000, 0x0000000100000000)
  eden space 14848K, 0% used [0x00000000eab00000,0x00000000eab00000,0x00000000eb980000)
  from space 1024K, 100% used [0x00000000eb980000,0x00000000eba80000,0x00000000eba80000)
  to   space 2048K, 0% used [0x00000000ebb80000,0x00000000ebb80000,0x00000000ebd80000)
 ParOldGen       total 68608K, used 61312K [0x00000000c0000000, 0x00000000c4300000, 0x00000000eab00000)
  object space 68608K, 89% used [0x00000000c0000000,0x00000000c3be03f0,0x00000000c4300000)
 Metaspace       used 64526K, committed 65664K, reserved 1114112K
  class space    used 6823K, committed 7360K, reserved 1048576K
}
Event: 26.120 GC heap before
{Heap before GC invocations=55 (full 3):
 PSYoungGen      total 15872K, used 15872K [0x00000000eab00000, 0x00000000ebd80000, 0x0000000100000000)
  eden space 14848K, 100% used [0x00000000eab00000,0x00000000eb980000,0x00000000eb980000)
  from space 1024K, 100% used [0x00000000eb980000,0x00000000eba80000,0x00000000eba80000)
  to   space 2048K, 0% used [0x00000000ebb80000,0x00000000ebb80000,0x00000000ebd80000)
 ParOldGen       total 68608K, used 61312K [0x00000000c0000000, 0x00000000c4300000, 0x00000000eab00000)
  object space 68608K, 89% used [0x00000000c0000000,0x00000000c3be03f0,0x00000000c4300000)
 Metaspace       used 64989K, committed 66112K, reserved 1114112K
  class space    used 6869K, committed 7360K, reserved 1048576K
}
Event: 26.122 GC heap after
{Heap after GC invocations=55 (full 3):
 PSYoungGen      total 16384K, used 1344K [0x00000000eab00000, 0x00000000ebd00000, 0x0000000100000000)
  eden space 14848K, 0% used [0x00000000eab00000,0x00000000eab00000,0x00000000eb980000)
  from space 1536K, 87% used [0x00000000ebb80000,0x00000000ebcd0000,0x00000000ebd00000)
  to   space 1536K, 0% used [0x00000000eba00000,0x00000000eba00000,0x00000000ebb80000)
 ParOldGen       total 68608K, used 61968K [0x00000000c0000000, 0x00000000c4300000, 0x00000000eab00000)
  object space 68608K, 90% used [0x00000000c0000000,0x00000000c3c843f0,0x00000000c4300000)
 Metaspace       used 64989K, committed 66112K, reserved 1114112K
  class space    used 6869K, committed 7360K, reserved 1048576K
}
Event: 26.475 GC heap before
{Heap before GC invocations=56 (full 3):
 PSYoungGen      total 16384K, used 16162K [0x00000000eab00000, 0x00000000ebd00000, 0x0000000100000000)
  eden space 14848K, 99% used [0x00000000eab00000,0x00000000eb978b08,0x00000000eb980000)
  from space 1536K, 87% used [0x00000000ebb80000,0x00000000ebcd0000,0x00000000ebd00000)
  to   space 1536K, 0% used [0x00000000eba00000,0x00000000eba00000,0x00000000ebb80000)
 ParOldGen       total 68608K, used 61968K [0x00000000c0000000, 0x00000000c4300000, 0x00000000eab00000)
  object space 68608K, 90% used [0x00000000c0000000,0x00000000c3c843f0,0x00000000c4300000)
 Metaspace       used 65116K, committed 66176K, reserved 1114112K
  class space    used 6879K, committed 7360K, reserved 1048576K
}
Event: 26.478 GC heap after
{Heap after GC invocations=56 (full 3):
 PSYoungGen      total 15360K, used 372K [0x00000000eab00000, 0x00000000ebc00000, 0x0000000100000000)
  eden space 14848K, 0% used [0x00000000eab00000,0x00000000eab00000,0x00000000eb980000)
  from space 512K, 72% used [0x00000000eba00000,0x00000000eba5d200,0x00000000eba80000)
  to   space 1024K, 0% used [0x00000000ebb00000,0x00000000ebb00000,0x00000000ebc00000)
 ParOldGen       total 68608K, used 63104K [0x00000000c0000000, 0x00000000c4300000, 0x00000000eab00000)
  object space 68608K, 91% used [0x00000000c0000000,0x00000000c3da03f0,0x00000000c4300000)
 Metaspace       used 65116K, committed 66176K, reserved 1114112K
  class space    used 6879K, committed 7360K, reserved 1048576K
}
Event: 26.783 GC heap before
{Heap before GC invocations=57 (full 3):
 PSYoungGen      total 15360K, used 15220K [0x00000000eab00000, 0x00000000ebc00000, 0x0000000100000000)
  eden space 14848K, 100% used [0x00000000eab00000,0x00000000eb980000,0x00000000eb980000)
  from space 512K, 72% used [0x00000000eba00000,0x00000000eba5d200,0x00000000eba80000)
  to   space 1024K, 0% used [0x00000000ebb00000,0x00000000ebb00000,0x00000000ebc00000)
 ParOldGen       total 68608K, used 63104K [0x00000000c0000000, 0x00000000c4300000, 0x00000000eab00000)
  object space 68608K, 91% used [0x00000000c0000000,0x00000000c3da03f0,0x00000000c4300000)
 Metaspace       used 65202K, committed 66368K, reserved 1114112K
  class space    used 6880K, committed 7424K, reserved 1048576K
}
Event: 26.784 GC heap after
{Heap after GC invocations=57 (full 3):
 PSYoungGen      total 15360K, used 256K [0x00000000eab00000, 0x00000000ebb80000, 0x0000000100000000)
  eden space 14848K, 0% used [0x00000000eab00000,0x00000000eab00000,0x00000000eb980000)
  from space 512K, 50% used [0x00000000ebb00000,0x00000000ebb40000,0x00000000ebb80000)
  to   space 512K, 0% used [0x00000000eba00000,0x00000000eba00000,0x00000000eba80000)
 ParOldGen       total 68608K, used 63184K [0x00000000c0000000, 0x00000000c4300000, 0x00000000eab00000)
  object space 68608K, 92% used [0x00000000c0000000,0x00000000c3db43f0,0x00000000c4300000)
 Metaspace       used 65202K, committed 66368K, reserved 1114112K
  class space    used 6880K, committed 7424K, reserved 1048576K
}

