# JRE version: OpenJDK Runtime Environment Temurin-17.0.7+7 (17.0.7+7) (build 17.0.7+7)
# Java VM: OpenJDK 64-Bit Server VM Temurin-17.0.7+7 (17.0.7+7, mixed mode, tiered, compressed oops, compressed class ptrs, parallel gc, windows-amd64)
GC Precious Log:
 CPUs: 8 total, 8 available
 Memory: 16118M
 Large Page Support: Disabled
 NUMA Support: Disabled
 Compressed Oops: Enabled (32-bit)
 Alignments: Space 512K, Generation 512K, Heap 2M
 Heap Min Capacity: 100M
 Heap Initial Capacity: 100M
 Heap Max Capacity: 1G
 Pre-touch: Disabled
 Parallel Workers: 8
Heap:
 PSYoungGen      total 22528K, used 22496K [0x00000000eab00000, 0x00000000ec300000, 0x0000000100000000)
  eden space 20480K, 100% used [0x00000000eab00000,0x00000000ebf00000,0x00000000ebf00000)
  from space 2048K, 98% used [0x00000000ebf80000,0x00000000ec178000,0x00000000ec180000)
  to   space 1536K, 0% used [0x00000000ec180000,0x00000000ec180000,0x00000000ec300000)
 ParOldGen       total 68608K, used 40940K [0x00000000c0000000, 0x00000000c4300000, 0x00000000eab00000)
  object space 68608K, 59% used [0x00000000c0000000,0x00000000c27fb3e0,0x00000000c4300000)
 Metaspace       used 57394K, committed 58496K, reserved 1114112K
  class space    used 6243K, committed 6720K, reserved 1048576K
GC Heap History (20 events):
Event: 14.154 GC heap before
{Heap before GC invocations=22 (full 2):
 PSYoungGen      total 22528K, used 22432K [0x00000000eab00000, 0x00000000ec500000, 0x0000000100000000)
  eden space 20480K, 100% used [0x00000000eab00000,0x00000000ebf00000,0x00000000ebf00000)
  from space 2048K, 95% used [0x00000000ebf00000,0x00000000ec0e8000,0x00000000ec100000)
  to   space 3072K, 0% used [0x00000000ec200000,0x00000000ec200000,0x00000000ec500000)
 ParOldGen       total 68608K, used 26206K [0x00000000c0000000, 0x00000000c4300000, 0x00000000eab00000)
  object space 68608K, 38% used [0x00000000c0000000,0x00000000c19978b0,0x00000000c4300000)
 Metaspace       used 49394K, committed 50432K, reserved 1114112K
  class space    used 5437K, committed 5888K, reserved 1048576K
}
Event: 14.158 GC heap after
{Heap after GC invocations=22 (full 2):
 PSYoungGen      total 23040K, used 2080K [0x00000000eab00000, 0x00000000ec480000, 0x0000000100000000)
  eden space 20480K, 0% used [0x00000000eab00000,0x00000000eab00000,0x00000000ebf00000)
  from space 2560K, 81% used [0x00000000ec200000,0x00000000ec408010,0x00000000ec480000)
  to   space 2560K, 0% used [0x00000000ebf80000,0x00000000ebf80000,0x00000000ec200000)
 ParOldGen       total 68608K, used 28062K [0x00000000c0000000, 0x00000000c4300000, 0x00000000eab00000)
  object space 68608K, 40% used [0x00000000c0000000,0x00000000c1b678b0,0x00000000c4300000)
 Metaspace       used 49394K, committed 50432K, reserved 1114112K
  class space    used 5437K, committed 5888K, reserved 1048576K
}
Event: 14.383 GC heap before
{Heap before GC invocations=23 (full 2):
 PSYoungGen      total 23040K, used 22560K [0x00000000eab00000, 0x00000000ec480000, 0x0000000100000000)
  eden space 20480K, 100% used [0x00000000eab00000,0x00000000ebf00000,0x00000000ebf00000)
  from space 2560K, 81% used [0x00000000ec200000,0x00000000ec408010,0x00000000ec480000)
  to   space 2560K, 0% used [0x00000000ebf80000,0x00000000ebf80000,0x00000000ec200000)
 ParOldGen       total 68608K, used 28062K [0x00000000c0000000, 0x00000000c4300000, 0x00000000eab00000)
  object space 68608K, 40% used [0x00000000c0000000,0x00000000c1b678b0,0x00000000c4300000)
 Metaspace       used 49746K, committed 50752K, reserved 1114112K
  class space    used 5462K, committed 5952K, reserved 1048576K
}
Event: 14.387 GC heap after
{Heap after GC invocations=23 (full 2):
 PSYoungGen      total 23040K, used 2221K [0x00000000eab00000, 0x00000000ec400000, 0x0000000100000000)
  eden space 20480K, 0% used [0x00000000eab00000,0x00000000eab00000,0x00000000ebf00000)
  from space 2560K, 86% used [0x00000000ebf80000,0x00000000ec1ab528,0x00000000ec200000)
  to   space 2048K, 0% used [0x00000000ec200000,0x00000000ec200000,0x00000000ec400000)
 ParOldGen       total 68608K, used 30062K [0x00000000c0000000, 0x00000000c4300000, 0x00000000eab00000)
  object space 68608K, 43% used [0x00000000c0000000,0x00000000c1d5b8c0,0x00000000c4300000)
 Metaspace       used 49746K, committed 50752K, reserved 1114112K
  class space    used 5462K, committed 5952K, reserved 1048576K
}
Event: 14.858 GC heap before
{Heap before GC invocations=24 (full 2):
 PSYoungGen      total 23040K, used 22662K [0x00000000eab00000, 0x00000000ec400000, 0x0000000100000000)
  eden space 20480K, 99% used [0x00000000eab00000,0x00000000ebef6550,0x00000000ebf00000)
  from space 2560K, 86% used [0x00000000ebf80000,0x00000000ec1ab528,0x00000000ec200000)
  to   space 2048K, 0% used [0x00000000ec200000,0x00000000ec200000,0x00000000ec400000)
 ParOldGen       total 68608K, used 30062K [0x00000000c0000000, 0x00000000c4300000, 0x00000000eab00000)
  object space 68608K, 43% used [0x00000000c0000000,0x00000000c1d5b8c0,0x00000000c4300000)
 Metaspace       used 51314K, committed 52352K, reserved 1114112K
  class space    used 5650K, committed 6144K, reserved 1048576K
}
Event: 14.861 GC heap after
{Heap after GC invocations=24 (full 2):
 PSYoungGen      total 22016K, used 1318K [0x00000000eab00000, 0x00000000ec380000, 0x0000000100000000)
  eden space 20480K, 0% used [0x00000000eab00000,0x00000000eab00000,0x00000000ebf00000)
  from space 1536K, 85% used [0x00000000ec200000,0x00000000ec349a60,0x00000000ec380000)
  to   space 2048K, 0% used [0x00000000ebf80000,0x00000000ebf80000,0x00000000ec180000)
 ParOldGen       total 68608K, used 32041K [0x00000000c0000000, 0x00000000c4300000, 0x00000000eab00000)
  object space 68608K, 46% used [0x00000000c0000000,0x00000000c1f4a498,0x00000000c4300000)
 Metaspace       used 51314K, committed 52352K, reserved 1114112K
  class space    used 5650K, committed 6144K, reserved 1048576K
}
Event: 15.540 GC heap before
{Heap before GC invocations=25 (full 2):
 PSYoungGen      total 22016K, used 21798K [0x00000000eab00000, 0x00000000ec380000, 0x0000000100000000)
  eden space 20480K, 100% used [0x00000000eab00000,0x00000000ebf00000,0x00000000ebf00000)
  from space 1536K, 85% used [0x00000000ec200000,0x00000000ec349a60,0x00000000ec380000)
  to   space 2048K, 0% used [0x00000000ebf80000,0x00000000ebf80000,0x00000000ec180000)
 ParOldGen       total 68608K, used 32041K [0x00000000c0000000, 0x00000000c4300000, 0x00000000eab00000)
  object space 68608K, 46% used [0x00000000c0000000,0x00000000c1f4a498,0x00000000c4300000)
 Metaspace       used 53104K, committed 54080K, reserved 1114112K
  class space    used 5866K, committed 6336K, reserved 1048576K
}
Event: 15.542 GC heap after
{Heap after GC invocations=25 (full 2):
 PSYoungGen      total 22528K, used 488K [0x00000000eab00000, 0x00000000ec280000, 0x0000000100000000)
  eden space 20480K, 0% used [0x00000000eab00000,0x00000000eab00000,0x00000000ebf00000)
  from space 2048K, 23% used [0x00000000ebf80000,0x00000000ebffa128,0x00000000ec180000)
  to   space 1024K, 0% used [0x00000000ec180000,0x00000000ec180000,0x00000000ec280000)
 ParOldGen       total 68608K, used 33210K [0x00000000c0000000, 0x00000000c4300000, 0x00000000eab00000)
  object space 68608K, 48% used [0x00000000c0000000,0x00000000c206ebd0,0x00000000c4300000)
 Metaspace       used 53104K, committed 54080K, reserved 1114112K
  class space    used 5866K, committed 6336K, reserved 1048576K
}
Event: 16.767 GC heap before
{Heap before GC invocations=26 (full 2):
 PSYoungGen      total 22528K, used 20968K [0x00000000eab00000, 0x00000000ec280000, 0x0000000100000000)
  eden space 20480K, 100% used [0x00000000eab00000,0x00000000ebf00000,0x00000000ebf00000)
  from space 2048K, 23% used [0x00000000ebf80000,0x00000000ebffa128,0x00000000ec180000)
  to   space 1024K, 0% used [0x00000000ec180000,0x00000000ec180000,0x00000000ec280000)
 ParOldGen       total 68608K, used 33210K [0x00000000c0000000, 0x00000000c4300000, 0x00000000eab00000)
  object space 68608K, 48% used [0x00000000c0000000,0x00000000c206ebd0,0x00000000c4300000)
 Metaspace       used 54435K, committed 55424K, reserved 1114112K
  class space    used 5996K, committed 6464K, reserved 1048576K
}
Event: 16.769 GC heap after
{Heap after GC invocations=26 (full 2):
 PSYoungGen      total 20992K, used 493K [0x00000000eab00000, 0x00000000ec200000, 0x0000000100000000)
  eden space 20480K, 0% used [0x00000000eab00000,0x00000000eab00000,0x00000000ebf00000)
  from space 512K, 96% used [0x00000000ec180000,0x00000000ec1fb7c0,0x00000000ec200000)
  to   space 1024K, 0% used [0x00000000ec000000,0x00000000ec000000,0x00000000ec100000)
 ParOldGen       total 68608K, used 33583K [0x00000000c0000000, 0x00000000c4300000, 0x00000000eab00000)
  object space 68608K, 48% used [0x00000000c0000000,0x00000000c20cbe50,0x00000000c4300000)
 Metaspace       used 54435K, committed 55424K, reserved 1114112K
  class space    used 5996K, committed 6464K, reserved 1048576K
}
Event: 17.185 GC heap before
{Heap before GC invocations=27 (full 2):
 PSYoungGen      total 20992K, used 20973K [0x00000000eab00000, 0x00000000ec200000, 0x0000000100000000)
  eden space 20480K, 100% used [0x00000000eab00000,0x00000000ebf00000,0x00000000ebf00000)
  from space 512K, 96% used [0x00000000ec180000,0x00000000ec1fb7c0,0x00000000ec200000)
  to   space 1024K, 0% used [0x00000000ec000000,0x00000000ec000000,0x00000000ec100000)
 ParOldGen       total 68608K, used 33583K [0x00000000c0000000, 0x00000000c4300000, 0x00000000eab00000)
  object space 68608K, 48% used [0x00000000c0000000,0x00000000c20cbe50,0x00000000c4300000)
 Metaspace       used 55984K, committed 57088K, reserved 1114112K
  class space    used 6144K, committed 6656K, reserved 1048576K
}
Event: 17.188 GC heap after
{Heap after GC invocations=27 (full 2):
 PSYoungGen      total 21504K, used 1017K [0x00000000eab00000, 0x00000000ec400000, 0x0000000100000000)
  eden space 20480K, 0% used [0x00000000eab00000,0x00000000eab00000,0x00000000ebf00000)
  from space 1024K, 99% used [0x00000000ec000000,0x00000000ec0fe490,0x00000000ec100000)
  to   space 2560K, 0% used [0x00000000ec180000,0x00000000ec180000,0x00000000ec400000)
 ParOldGen       total 68608K, used 34607K [0x00000000c0000000, 0x00000000c4300000, 0x00000000eab00000)
  object space 68608K, 50% used [0x00000000c0000000,0x00000000c21cbe50,0x00000000c4300000)
 Metaspace       used 55984K, committed 57088K, reserved 1114112K
  class space    used 6144K, committed 6656K, reserved 1048576K
}
Event: 17.384 GC heap before
{Heap before GC invocations=28 (full 2):
 PSYoungGen      total 21504K, used 21497K [0x00000000eab00000, 0x00000000ec400000, 0x0000000100000000)
  eden space 20480K, 100% used [0x00000000eab00000,0x00000000ebf00000,0x00000000ebf00000)
  from space 1024K, 99% used [0x00000000ec000000,0x00000000ec0fe490,0x00000000ec100000)
  to   space 2560K, 0% used [0x00000000ec180000,0x00000000ec180000,0x00000000ec400000)
 ParOldGen       total 68608K, used 34607K [0x00000000c0000000, 0x00000000c4300000, 0x00000000eab00000)
  object space 68608K, 50% used [0x00000000c0000000,0x00000000c21cbe50,0x00000000c4300000)
 Metaspace       used 56492K, committed 57600K, reserved 1114112K
  class space    used 6178K, committed 6656K, reserved 1048576K
}
Event: 17.389 GC heap after
{Heap after GC invocations=28 (full 2):
 PSYoungGen      total 22528K, used 1728K [0x00000000eab00000, 0x00000000ec380000, 0x0000000100000000)
  eden space 20480K, 0% used [0x00000000eab00000,0x00000000eab00000,0x00000000ebf00000)
  from space 2048K, 84% used [0x00000000ec180000,0x00000000ec330010,0x00000000ec380000)
  to   space 2048K, 0% used [0x00000000ebf80000,0x00000000ebf80000,0x00000000ec180000)
 ParOldGen       total 68608K, used 35601K [0x00000000c0000000, 0x00000000c4300000, 0x00000000eab00000)
  object space 68608K, 51% used [0x00000000c0000000,0x00000000c22c47c0,0x00000000c4300000)
 Metaspace       used 56492K, committed 57600K, reserved 1114112K
  class space    used 6178K, committed 6656K, reserved 1048576K
}
Event: 17.519 GC heap before
{Heap before GC invocations=29 (full 2):
 PSYoungGen      total 22528K, used 22207K [0x00000000eab00000, 0x00000000ec380000, 0x0000000100000000)
  eden space 20480K, 99% used [0x00000000eab00000,0x00000000ebefffa0,0x00000000ebf00000)
  from space 2048K, 84% used [0x00000000ec180000,0x00000000ec330010,0x00000000ec380000)
  to   space 2048K, 0% used [0x00000000ebf80000,0x00000000ebf80000,0x00000000ec180000)
 ParOldGen       total 68608K, used 35601K [0x00000000c0000000, 0x00000000c4300000, 0x00000000eab00000)
  object space 68608K, 51% used [0x00000000c0000000,0x00000000c22c47c0,0x00000000c4300000)
 Metaspace       used 56795K, committed 57856K, reserved 1114112K
  class space    used 6209K, committed 6656K, reserved 1048576K
}
Event: 17.521 GC heap after
{Heap after GC invocations=29 (full 2):
 PSYoungGen      total 22528K, used 1912K [0x00000000eab00000, 0x00000000ec300000, 0x0000000100000000)
  eden space 20480K, 0% used [0x00000000eab00000,0x00000000eab00000,0x00000000ebf00000)
  from space 2048K, 93% used [0x00000000ebf80000,0x00000000ec15e080,0x00000000ec180000)
  to   space 1536K, 0% used [0x00000000ec180000,0x00000000ec180000,0x00000000ec300000)
 ParOldGen       total 68608K, used 37254K [0x00000000c0000000, 0x00000000c4300000, 0x00000000eab00000)
  object space 68608K, 54% used [0x00000000c0000000,0x00000000c2461a00,0x00000000c4300000)
 Metaspace       used 56795K, committed 57856K, reserved 1114112K
  class space    used 6209K, committed 6656K, reserved 1048576K
}
Event: 17.668 GC heap before
{Heap before GC invocations=30 (full 2):
 PSYoungGen      total 22528K, used 22392K [0x00000000eab00000, 0x00000000ec300000, 0x0000000100000000)
  eden space 20480K, 100% used [0x00000000eab00000,0x00000000ebf00000,0x00000000ebf00000)
  from space 2048K, 93% used [0x00000000ebf80000,0x00000000ec15e080,0x00000000ec180000)
  to   space 1536K, 0% used [0x00000000ec180000,0x00000000ec180000,0x00000000ec300000)
 ParOldGen       total 68608K, used 37254K [0x00000000c0000000, 0x00000000c4300000, 0x00000000eab00000)
  object space 68608K, 54% used [0x00000000c0000000,0x00000000c2461a00,0x00000000c4300000)
 Metaspace       used 57184K, committed 58304K, reserved 1114112K
  class space    used 6233K, committed 6720K, reserved 1048576K
}
Event: 17.671 GC heap after
{Heap after GC invocations=30 (full 2):
 PSYoungGen      total 22016K, used 1536K [0x00000000eab00000, 0x00000000ec300000, 0x0000000100000000)
  eden space 20480K, 0% used [0x00000000eab00000,0x00000000eab00000,0x00000000ebf00000)
  from space 1536K, 100% used [0x00000000ec180000,0x00000000ec300000,0x00000000ec300000)
  to   space 2048K, 0% used [0x00000000ebf80000,0x00000000ebf80000,0x00000000ec180000)
 ParOldGen       total 68608K, used 39427K [0x00000000c0000000, 0x00000000c4300000, 0x00000000eab00000)
  object space 68608K, 57% used [0x00000000c0000000,0x00000000c2680e90,0x00000000c4300000)
 Metaspace       used 57184K, committed 58304K, reserved 1114112K
  class space    used 6233K, committed 6720K, reserved 1048576K
}
Event: 17.718 GC heap before
{Heap before GC invocations=31 (full 2):
 PSYoungGen      total 22016K, used 22016K [0x00000000eab00000, 0x00000000ec300000, 0x0000000100000000)
  eden space 20480K, 100% used [0x00000000eab00000,0x00000000ebf00000,0x00000000ebf00000)
  from space 1536K, 100% used [0x00000000ec180000,0x00000000ec300000,0x00000000ec300000)
  to   space 2048K, 0% used [0x00000000ebf80000,0x00000000ebf80000,0x00000000ec180000)
 ParOldGen       total 68608K, used 39427K [0x00000000c0000000, 0x00000000c4300000, 0x00000000eab00000)
  object space 68608K, 57% used [0x00000000c0000000,0x00000000c2680e90,0x00000000c4300000)
 Metaspace       used 57311K, committed 58432K, reserved 1114112K
  class space    used 6242K, committed 6720K, reserved 1048576K
}
Event: 17.721 GC heap after
{Heap after GC invocations=31 (full 2):
 PSYoungGen      total 22528K, used 2016K [0x00000000eab00000, 0x00000000ec300000, 0x0000000100000000)
  eden space 20480K, 0% used [0x00000000eab00000,0x00000000eab00000,0x00000000ebf00000)
  from space 2048K, 98% used [0x00000000ebf80000,0x00000000ec178000,0x00000000ec180000)
  to   space 1536K, 0% used [0x00000000ec180000,0x00000000ec180000,0x00000000ec300000)
 ParOldGen       total 68608K, used 40940K [0x00000000c0000000, 0x00000000c4300000, 0x00000000eab00000)
  object space 68608K, 59% used [0x00000000c0000000,0x00000000c27fb3e0,0x00000000c4300000)
 Metaspace       used 57311K, committed 58432K, reserved 1114112K
  class space    used 6242K, committed 6720K, reserved 1048576K
}

